# JRE version: Java(TM) SE Runtime Environment (8.0_40-b25) (build 1.8.0_40-b25)
# Java VM: Java HotSpot(TM) 64-Bit Server VM (25.40-b25 mixed mode windows-amd64 compressed oops)
Heap:
 PSYoungGen      total 153088K, used 71348K [0x00000000d6300000, 0x00000000e0b00000, 0x0000000100000000)
  eden space 141312K, 50% used [0x00000000d6300000,0x00000000da8ad238,0x00000000ded00000)
  from space 11776K, 0% used [0x00000000df880000,0x00000000df880000,0x00000000e0400000)
  to   space 11776K, 0% used [0x00000000ded00000,0x00000000ded00000,0x00000000df880000)
 ParOldGen       total 80384K, used 14819K [0x0000000082800000, 0x0000000087680000, 0x00000000d6300000)
  object space 80384K, 18% used [0x0000000082800000,0x0000000083678f90,0x0000000087680000)
 Metaspace       used 37168K, capacity 38434K, committed 38616K, reserved 1083392K
  class space    used 4716K, capacity 5001K, committed 5120K, reserved 1048576K
GC Heap History (10 events):
Event: 8.628 GC heap before
{Heap before GC invocations=8 (full 1):
 PSYoungGen      total 61952K, used 61621K [0x00000000d6300000, 0x00000000daf80000, 0x0000000100000000)
  eden space 57856K, 100% used [0x00000000d6300000,0x00000000d9b80000,0x00000000d9b80000)
  from space 4096K, 91% used [0x00000000dab80000,0x00000000daf2d7c0,0x00000000daf80000)
  to   space 8704K, 0% used [0x00000000d9e80000,0x00000000d9e80000,0x00000000da700000)
 ParOldGen       total 53760K, used 7502K [0x0000000082800000, 0x0000000085c80000, 0x00000000d6300000)
  object space 53760K, 13% used [0x0000000082800000,0x0000000082f53978,0x0000000085c80000)
 Metaspace       used 27259K, capacity 28092K, committed 28288K, reserved 1073152K
  class space    used 3467K, capacity 3678K, committed 3712K, reserved 1048576K
Event: 8.644 GC heap after
Heap after GC invocations=8 (full 1):
 PSYoungGen      total 69632K, used 6162K [0x00000000d6300000, 0x00000000dd600000, 0x0000000100000000)
  eden space 60928K, 0% used [0x00000000d6300000,0x00000000d6300000,0x00000000d9e80000)
  from space 8704K, 70% used [0x00000000d9e80000,0x00000000da484a88,0x00000000da700000)
  to   space 8704K, 0% used [0x00000000dcd80000,0x00000000dcd80000,0x00000000dd600000)
 ParOldGen       total 53760K, used 7510K [0x0000000082800000, 0x0000000085c80000, 0x00000000d6300000)
  object space 53760K, 13% used [0x0000000082800000,0x0000000082f55978,0x0000000085c80000)
 Metaspace       used 27259K, capacity 28092K, committed 28288K, reserved 1073152K
  class space    used 3467K, capacity 3678K, committed 3712K, reserved 1048576K
}
Event: 9.788 GC heap before
{Heap before GC invocations=9 (full 1):
 PSYoungGen      total 69632K, used 67090K [0x00000000d6300000, 0x00000000dd600000, 0x0000000100000000)
  eden space 60928K, 100% used [0x00000000d6300000,0x00000000d9e80000,0x00000000d9e80000)
  from space 8704K, 70% used [0x00000000d9e80000,0x00000000da484a88,0x00000000da700000)
  to   space 8704K, 0% used [0x00000000dcd80000,0x00000000dcd80000,0x00000000dd600000)
 ParOldGen       total 53760K, used 7510K [0x0000000082800000, 0x0000000085c80000, 0x00000000d6300000)
  object space 53760K, 13% used [0x0000000082800000,0x0000000082f55978,0x0000000085c80000)
 Metaspace       used 29429K, capacity 30484K, committed 30720K, reserved 1075200K
  class space    used 3793K, capacity 4024K, committed 4096K, reserved 1048576K
Event: 9.804 GC heap after
Heap after GC invocations=9 (full 1):
 PSYoungGen      total 108544K, used 7952K [0x00000000d6300000, 0x00000000ddb00000, 0x0000000100000000)
  eden space 99840K, 0% used [0x00000000d6300000,0x00000000d6300000,0x00000000dc480000)
  from space 8704K, 91% used [0x00000000dcd80000,0x00000000dd544030,0x00000000dd600000)
  to   space 9216K, 0% used [0x00000000dc480000,0x00000000dc480000,0x00000000dcd80000)
 ParOldGen       total 53760K, used 7510K [0x0000000082800000, 0x0000000085c80000, 0x00000000d6300000)
  object space 53760K, 13% used [0x0000000082800000,0x0000000082f55978,0x0000000085c80000)
 Metaspace       used 29429K, capacity 30484K, committed 30720K, reserved 1075200K
  class space    used 3793K, capacity 4024K, committed 4096K, reserved 1048576K
}
Event: 12.008 GC heap before
{Heap before GC invocations=10 (full 1):
 PSYoungGen      total 108544K, used 107792K [0x00000000d6300000, 0x00000000ddb00000, 0x0000000100000000)
  eden space 99840K, 100% used [0x00000000d6300000,0x00000000dc480000,0x00000000dc480000)
  from space 8704K, 91% used [0x00000000dcd80000,0x00000000dd544030,0x00000000dd600000)
  to   space 9216K, 0% used [0x00000000dc480000,0x00000000dc480000,0x00000000dcd80000)
 ParOldGen       total 53760K, used 7510K [0x0000000082800000, 0x0000000085c80000, 0x00000000d6300000)
  object space 53760K, 13% used [0x0000000082800000,0x0000000082f55978,0x0000000085c80000)
 Metaspace       used 33845K, capacity 34956K, committed 35072K, reserved 1079296K
  class space    used 4351K, capacity 4576K, committed 4608K, reserved 1048576K
Event: 12.028 GC heap after
Heap after GC invocations=10 (full 1):
 PSYoungGen      total 109056K, used 9202K [0x00000000d6300000, 0x00000000e0400000, 0x0000000100000000)
  eden space 99840K, 0% used [0x00000000d6300000,0x00000000d6300000,0x00000000dc480000)
  from space 9216K, 99% used [0x00000000dc480000,0x00000000dcd7cb08,0x00000000dcd80000)
  to   space 11776K, 0% used [0x00000000df880000,0x00000000df880000,0x00000000e0400000)
 ParOldGen       total 53760K, used 10865K [0x0000000082800000, 0x0000000085c80000, 0x00000000d6300000)
  object space 53760K, 20% used [0x0000000082800000,0x000000008329c6c0,0x0000000085c80000)
 Metaspace       used 33845K, capacity 34956K, committed 35072K, reserved 1079296K
  class space    used 4351K, capacity 4576K, committed 4608K, reserved 1048576K
}
Event: 12.263 GC heap before
{Heap before GC invocations=11 (full 1):
 PSYoungGen      total 109056K, used 26570K [0x00000000d6300000, 0x00000000e0400000, 0x0000000100000000)
  eden space 99840K, 17% used [0x00000000d6300000,0x00000000d73f5d28,0x00000000dc480000)
  from space 9216K, 99% used [0x00000000dc480000,0x00000000dcd7cb08,0x00000000dcd80000)
  to   space 11776K, 0% used [0x00000000df880000,0x00000000df880000,0x00000000e0400000)
 ParOldGen       total 53760K, used 10865K [0x0000000082800000, 0x0000000085c80000, 0x00000000d6300000)
  object space 53760K, 20% used [0x0000000082800000,0x000000008329c6c0,0x0000000085c80000)
 Metaspace       used 34200K, capacity 35326K, committed 35416K, reserved 1079296K
  class space    used 4408K, capacity 4649K, committed 4736K, reserved 1048576K
Event: 12.282 GC heap after
Heap after GC invocations=11 (full 1):
 PSYoungGen      total 153088K, used 4640K [0x00000000d6300000, 0x00000000e0b00000, 0x0000000100000000)
  eden space 141312K, 0% used [0x00000000d6300000,0x00000000d6300000,0x00000000ded00000)
  from space 11776K, 39% used [0x00000000df880000,0x00000000dfd08000,0x00000000e0400000)
  to   space 11776K, 0% used [0x00000000ded00000,0x00000000ded00000,0x00000000df880000)
 ParOldGen       total 53760K, used 15261K [0x0000000082800000, 0x0000000085c80000, 0x00000000d6300000)
  object space 53760K, 28% used [0x0000000082800000,0x00000000836e76f0,0x0000000085c80000)
 Metaspace       used 34200K, capacity 35326K, committed 35416K, reserved 1079296K
  class space    used 4408K, capacity 4649K, committed 4736K, reserved 1048576K
}
Event: 12.282 GC heap before
{Heap before GC invocations=12 (full 2):
 PSYoungGen      total 153088K, used 4640K [0x00000000d6300000, 0x00000000e0b00000, 0x0000000100000000)
  eden space 141312K, 0% used [0x00000000d6300000,0x00000000d6300000,0x00000000ded00000)
  from space 11776K, 39% used [0x00000000df880000,0x00000000dfd08000,0x00000000e0400000)
  to   space 11776K, 0% used [0x00000000ded00000,0x00000000ded00000,0x00000000df880000)
 ParOldGen       total 53760K, used 15261K [0x0000000082800000, 0x0000000085c80000, 0x00000000d6300000)
  object space 53760K, 28% used [0x0000000082800000,0x00000000836e76f0,0x0000000085c80000)
 Metaspace       used 34200K, capacity 35326K, committed 35416K, reserved 1079296K
  class space    used 4408K, capacity 4649K, committed 4736K, reserved 1048576K
Event: 12.480 GC heap after
Heap after GC invocations=12 (full 2):
 PSYoungGen      total 153088K, used 0K [0x00000000d6300000, 0x00000000e0b00000, 0x0000000100000000)
  eden space 141312K, 0% used [0x00000000d6300000,0x00000000d6300000,0x00000000ded00000)
  from space 11776K, 0% used [0x00000000df880000,0x00000000df880000,0x00000000e0400000)
  to   space 11776K, 0% used [0x00000000ded00000,0x00000000ded00000,0x00000000df880000)
 ParOldGen       total 80384K, used 14819K [0x0000000082800000, 0x0000000087680000, 0x00000000d6300000)
  object space 80384K, 18% used [0x0000000082800000,0x0000000083678f90,0x0000000087680000)
 Metaspace       used 34200K, capacity 35326K, committed 35416K, reserved 1079296K
  class space    used 4408K, capacity 4649K, committed 4736K, reserved 1048576K
}

