# JRE version: Java(TM) SE Runtime Environment (8.0_40-b25) (build 1.8.0_40-b25)
# Java VM: Java HotSpot(TM) 64-Bit Server VM (25.40-b25 mixed mode windows-amd64 compressed oops)
Heap:
 PSYoungGen      total 184320K, used 183957K [0x00000000d6300000, 0x00000000e4a00000, 0x0000000100000000)
  eden space 171520K, 100% used [0x00000000d6300000,0x00000000e0a80000,0x00000000e0a80000)
  from space 12800K, 97% used [0x00000000e0a80000,0x00000000e16a5760,0x00000000e1700000)
  to   space 14336K, 35% used [0x00000000e3c00000,0x00000000e40fc920,0x00000000e4a00000)
 ParOldGen       total 91136K, used 17290K [0x0000000082800000, 0x0000000088100000, 0x00000000d6300000)
  object space 91136K, 18% used [0x0000000082800000,0x00000000838e2820,0x0000000088100000)
 Metaspace       used 47925K, capacity 50030K, committed 50304K, reserved 1093632K
  class space    used 6284K, capacity 6675K, committed 6784K, reserved 1048576K
GC Heap History (10 events):
Event: 5.114 GC heap before
{Heap before GC invocations=7 (full 1):
 PSYoungGen      total 70656K, used 65536K [0x00000000d6300000, 0x00000000df400000, 0x0000000100000000)
  eden space 65536K, 100% used [0x00000000d6300000,0x00000000da300000,0x00000000da300000)
  from space 5120K, 0% used [0x00000000da300000,0x00000000da300000,0x00000000da800000)
  to   space 8704K, 0% used [0x00000000deb80000,0x00000000deb80000,0x00000000df400000)
 ParOldGen       total 54784K, used 7615K [0x0000000082800000, 0x0000000085d80000, 0x00000000d6300000)
  object space 54784K, 13% used [0x0000000082800000,0x0000000082f6fff0,0x0000000085d80000)
 Metaspace       used 26184K, capacity 27020K, committed 27136K, reserved 1073152K
  class space    used 3352K, capacity 3558K, committed 3584K, reserved 1048576K
Event: 5.122 GC heap after
Heap after GC invocations=7 (full 1):
 PSYoungGen      total 115200K, used 6779K [0x00000000d6300000, 0x00000000df280000, 0x0000000100000000)
  eden space 108032K, 0% used [0x00000000d6300000,0x00000000d6300000,0x00000000dcc80000)
  from space 7168K, 94% used [0x00000000deb80000,0x00000000df21ee90,0x00000000df280000)
  to   space 8704K, 0% used [0x00000000de180000,0x00000000de180000,0x00000000dea00000)
 ParOldGen       total 54784K, used 7623K [0x0000000082800000, 0x0000000085d80000, 0x00000000d6300000)
  object space 54784K, 13% used [0x0000000082800000,0x0000000082f71ff0,0x0000000085d80000)
 Metaspace       used 26184K, capacity 27020K, committed 27136K, reserved 1073152K
  class space    used 3352K, capacity 3558K, committed 3584K, reserved 1048576K
}
Event: 6.496 GC heap before
{Heap before GC invocations=8 (full 1):
 PSYoungGen      total 115200K, used 114811K [0x00000000d6300000, 0x00000000df280000, 0x0000000100000000)
  eden space 108032K, 100% used [0x00000000d6300000,0x00000000dcc80000,0x00000000dcc80000)
  from space 7168K, 94% used [0x00000000deb80000,0x00000000df21ee90,0x00000000df280000)
  to   space 8704K, 0% used [0x00000000de180000,0x00000000de180000,0x00000000dea00000)
 ParOldGen       total 54784K, used 7623K [0x0000000082800000, 0x0000000085d80000, 0x00000000d6300000)
  object space 54784K, 13% used [0x0000000082800000,0x0000000082f71ff0,0x0000000085d80000)
 Metaspace       used 29978K, capacity 30988K, committed 31360K, reserved 1077248K
  class space    used 3883K, capacity 4124K, committed 4224K, reserved 1048576K
Event: 6.507 GC heap after
Heap after GC invocations=8 (full 1):
 PSYoungGen      total 138240K, used 8676K [0x00000000d6300000, 0x00000000e2180000, 0x0000000100000000)
  eden space 129536K, 0% used [0x00000000d6300000,0x00000000d6300000,0x00000000de180000)
  from space 8704K, 99% used [0x00000000de180000,0x00000000de9f91c8,0x00000000dea00000)
  to   space 10752K, 0% used [0x00000000e1700000,0x00000000e1700000,0x00000000e2180000)
 ParOldGen       total 54784K, used 9365K [0x0000000082800000, 0x0000000085d80000, 0x00000000d6300000)
  object space 54784K, 17% used [0x0000000082800000,0x00000000831257d0,0x0000000085d80000)
 Metaspace       used 29978K, capacity 30988K, committed 31360K, reserved 1077248K
  class space    used 3883K, capacity 4124K, committed 4224K, reserved 1048576K
}
Event: 7.891 GC heap before
{Heap before GC invocations=9 (full 1):
 PSYoungGen      total 138240K, used 103283K [0x00000000d6300000, 0x00000000e2180000, 0x0000000100000000)
  eden space 129536K, 73% used [0x00000000d6300000,0x00000000dbf63b88,0x00000000de180000)
  from space 8704K, 99% used [0x00000000de180000,0x00000000de9f91c8,0x00000000dea00000)
  to   space 10752K, 0% used [0x00000000e1700000,0x00000000e1700000,0x00000000e2180000)
 ParOldGen       total 54784K, used 9365K [0x0000000082800000, 0x0000000085d80000, 0x00000000d6300000)
  object space 54784K, 17% used [0x0000000082800000,0x00000000831257d0,0x0000000085d80000)
 Metaspace       used 34153K, capacity 35326K, committed 35416K, reserved 1079296K
  class space    used 4407K, capacity 4649K, committed 4736K, reserved 1048576K
Event: 7.911 GC heap after
Heap after GC invocations=9 (full 1):
 PSYoungGen      total 182272K, used 10725K [0x00000000d6300000, 0x00000000e4600000, 0x0000000100000000)
  eden space 171520K, 0% used [0x00000000d6300000,0x00000000d6300000,0x00000000e0a80000)
  from space 10752K, 99% used [0x00000000e1700000,0x00000000e2179678,0x00000000e2180000)
  to   space 12800K, 0% used [0x00000000e0a80000,0x00000000e0a80000,0x00000000e1700000)
 ParOldGen       total 54784K, used 11110K [0x0000000082800000, 0x0000000085d80000, 0x00000000d6300000)
  object space 54784K, 20% used [0x0000000082800000,0x00000000832d9a40,0x0000000085d80000)
 Metaspace       used 34153K, capacity 35326K, committed 35416K, reserved 1079296K
  class space    used 4407K, capacity 4649K, committed 4736K, reserved 1048576K
}
Event: 7.911 GC heap before
{Heap before GC invocations=10 (full 2):
 PSYoungGen      total 182272K, used 10725K [0x00000000d6300000, 0x00000000e4600000, 0x0000000100000000)
  eden space 171520K, 0% used [0x00000000d6300000,0x00000000d6300000,0x00000000e0a80000)
  from space 10752K, 99% used [0x00000000e1700000,0x00000000e2179678,0x00000000e2180000)
  to   space 12800K, 0% used [0x00000000e0a80000,0x00000000e0a80000,0x00000000e1700000)
 ParOldGen       total 54784K, used 11110K [0x0000000082800000, 0x0000000085d80000, 0x00000000d6300000)
  object space 54784K, 20% used [0x0000000082800000,0x00000000832d9a40,0x0000000085d80000)
 Metaspace       used 34153K, capacity 35326K, committed 35416K, reserved 1079296K
  class space    used 4407K, capacity 4649K, committed 4736K, reserved 1048576K
Event: 8.066 GC heap after
Heap after GC invocations=10 (full 2):
 PSYoungGen      total 182272K, used 0K [0x00000000d6300000, 0x00000000e4600000, 0x0000000100000000)
  eden space 171520K, 0% used [0x00000000d6300000,0x00000000d6300000,0x00000000e0a80000)
  from space 10752K, 0% used [0x00000000e1700000,0x00000000e1700000,0x00000000e2180000)
  to   space 12800K, 0% used [0x00000000e0a80000,0x00000000e0a80000,0x00000000e1700000)
 ParOldGen       total 91136K, used 17282K [0x0000000082800000, 0x0000000088100000, 0x00000000d6300000)
  object space 91136K, 18% used [0x0000000082800000,0x00000000838e0820,0x0000000088100000)
 Metaspace       used 34153K, capacity 35326K, committed 35416K, reserved 1079296K
  class space    used 4407K, capacity 4649K, committed 4736K, reserved 1048576K
}
Event: 10.674 GC heap before
{Heap before GC invocations=11 (full 2):
 PSYoungGen      total 182272K, used 171520K [0x00000000d6300000, 0x00000000e4600000, 0x0000000100000000)
  eden space 171520K, 100% used [0x00000000d6300000,0x00000000e0a80000,0x00000000e0a80000)
  from space 10752K, 0% used [0x00000000e1700000,0x00000000e1700000,0x00000000e2180000)
  to   space 12800K, 0% used [0x00000000e0a80000,0x00000000e0a80000,0x00000000e1700000)
 ParOldGen       total 91136K, used 17282K [0x0000000082800000, 0x0000000088100000, 0x00000000d6300000)
  object space 91136K, 18% used [0x0000000082800000,0x00000000838e0820,0x0000000088100000)
 Metaspace       used 43914K, capacity 45266K, committed 45440K, reserved 1089536K
  class space    used 5667K, capacity 5969K, committed 6016K, reserved 1048576K
Event: 10.691 GC heap after
Heap after GC invocations=11 (full 2):
 PSYoungGen      total 184320K, used 12437K [0x00000000d6300000, 0x00000000e4a00000, 0x0000000100000000)
  eden space 171520K, 0% used [0x00000000d6300000,0x00000000d6300000,0x00000000e0a80000)
  from space 12800K, 97% used [0x00000000e0a80000,0x00000000e16a5760,0x00000000e1700000)
  to   space 14336K, 0% used [0x00000000e3c00000,0x00000000e3c00000,0x00000000e4a00000)
 ParOldGen       total 91136K, used 17290K [0x0000000082800000, 0x0000000088100000, 0x00000000d6300000)
  object space 91136K, 18% used [0x0000000082800000,0x00000000838e2820,0x0000000088100000)
 Metaspace       used 43914K, capacity 45266K, committed 45440K, reserved 1089536K
  class space    used 5667K, capacity 5969K, committed 6016K, reserved 1048576K
}

