# JRE version: Java(TM) SE Runtime Environment (8.0_40-b25) (build 1.8.0_40-b25)
# Java VM: Java HotSpot(TM) 64-Bit Server VM (25.40-b25 mixed mode windows-amd64 compressed oops)
Heap:
 PSYoungGen      total 123904K, used 42083K [0x00000000d6300000, 0x00000000e0700000, 0x0000000100000000)
  eden space 113152K, 30% used [0x00000000d6300000,0x00000000d84b3208,0x00000000dd180000)
  from space 10752K, 70% used [0x00000000dd180000,0x00000000dd8e5d20,0x00000000ddc00000)
  to   space 10752K, 0% used [0x00000000dfc80000,0x00000000dfc80000,0x00000000e0700000)
 ParOldGen       total 85504K, used 14963K [0x0000000082800000, 0x0000000087b80000, 0x00000000d6300000)
  object space 85504K, 17% used [0x0000000082800000,0x000000008369cff0,0x0000000087b80000)
 Metaspace       used 42079K, capacity 43374K, committed 43608K, reserved 1087488K
  class space    used 5456K, capacity 5729K, committed 5760K, reserved 1048576K
GC Heap History (10 events):
Event: 11.263 GC heap before
{Heap before GC invocations=9 (full 1):
 PSYoungGen      total 69120K, used 65639K [0x00000000d6300000, 0x00000000dc780000, 0x0000000100000000)
  eden space 59904K, 100% used [0x00000000d6300000,0x00000000d9d80000,0x00000000d9d80000)
  from space 9216K, 62% used [0x00000000d9d80000,0x00000000da319cb0,0x00000000da680000)
  to   space 8704K, 0% used [0x00000000dbf00000,0x00000000dbf00000,0x00000000dc780000)
 ParOldGen       total 55296K, used 7579K [0x0000000082800000, 0x0000000085e00000, 0x00000000d6300000)
  object space 55296K, 13% used [0x0000000082800000,0x0000000082f66e90,0x0000000085e00000)
 Metaspace       used 28774K, capacity 29752K, committed 30080K, reserved 1075200K
  class space    used 3664K, capacity 3892K, committed 3968K, reserved 1048576K
Event: 11.274 GC heap after
Heap after GC invocations=9 (full 1):
 PSYoungGen      total 93696K, used 7717K [0x00000000d6300000, 0x00000000dcf80000, 0x0000000100000000)
  eden space 84992K, 0% used [0x00000000d6300000,0x00000000d6300000,0x00000000db600000)
  from space 8704K, 88% used [0x00000000dbf00000,0x00000000dc6896f0,0x00000000dc780000)
  to   space 9216K, 0% used [0x00000000db600000,0x00000000db600000,0x00000000dbf00000)
 ParOldGen       total 55296K, used 7587K [0x0000000082800000, 0x0000000085e00000, 0x00000000d6300000)
  object space 55296K, 13% used [0x0000000082800000,0x0000000082f68e90,0x0000000085e00000)
 Metaspace       used 28774K, capacity 29752K, committed 30080K, reserved 1075200K
  class space    used 3664K, capacity 3892K, committed 3968K, reserved 1048576K
}
Event: 13.786 GC heap before
{Heap before GC invocations=10 (full 1):
 PSYoungGen      total 93696K, used 92709K [0x00000000d6300000, 0x00000000dcf80000, 0x0000000100000000)
  eden space 84992K, 100% used [0x00000000d6300000,0x00000000db600000,0x00000000db600000)
  from space 8704K, 88% used [0x00000000dbf00000,0x00000000dc6896f0,0x00000000dc780000)
  to   space 9216K, 0% used [0x00000000db600000,0x00000000db600000,0x00000000dbf00000)
 ParOldGen       total 55296K, used 7587K [0x0000000082800000, 0x0000000085e00000, 0x00000000d6300000)
  object space 55296K, 13% used [0x0000000082800000,0x0000000082f68e90,0x0000000085e00000)
 Metaspace       used 33116K, capacity 34196K, committed 34560K, reserved 1079296K
  class space    used 4262K, capacity 4492K, committed 4608K, reserved 1048576K
Event: 13.814 GC heap after
Heap after GC invocations=10 (full 1):
 PSYoungGen      total 94208K, used 9184K [0x00000000d6300000, 0x00000000de700000, 0x0000000100000000)
  eden space 84992K, 0% used [0x00000000d6300000,0x00000000d6300000,0x00000000db600000)
  from space 9216K, 99% used [0x00000000db600000,0x00000000dbef83a8,0x00000000dbf00000)
  to   space 11264K, 0% used [0x00000000ddc00000,0x00000000ddc00000,0x00000000de700000)
 ParOldGen       total 55296K, used 9783K [0x0000000082800000, 0x0000000085e00000, 0x00000000d6300000)
  object space 55296K, 17% used [0x0000000082800000,0x000000008318ddf8,0x0000000085e00000)
 Metaspace       used 33116K, capacity 34196K, committed 34560K, reserved 1079296K
  class space    used 4262K, capacity 4492K, committed 4608K, reserved 1048576K
}
Event: 14.755 GC heap before
{Heap before GC invocations=11 (full 1):
 PSYoungGen      total 94208K, used 43362K [0x00000000d6300000, 0x00000000de700000, 0x0000000100000000)
  eden space 84992K, 40% used [0x00000000d6300000,0x00000000d84604b0,0x00000000db600000)
  from space 9216K, 99% used [0x00000000db600000,0x00000000dbef83a8,0x00000000dbf00000)
  to   space 11264K, 0% used [0x00000000ddc00000,0x00000000ddc00000,0x00000000de700000)
 ParOldGen       total 55296K, used 9783K [0x0000000082800000, 0x0000000085e00000, 0x00000000d6300000)
  object space 55296K, 17% used [0x0000000082800000,0x000000008318ddf8,0x0000000085e00000)
 Metaspace       used 34194K, capacity 35326K, committed 35416K, reserved 1081344K
  class space    used 4404K, capacity 4649K, committed 4736K, reserved 1048576K
Event: 14.784 GC heap after
Heap after GC invocations=11 (full 1):
 PSYoungGen      total 124416K, used 4849K [0x00000000d6300000, 0x00000000de980000, 0x0000000100000000)
  eden space 113152K, 0% used [0x00000000d6300000,0x00000000d6300000,0x00000000dd180000)
  from space 11264K, 43% used [0x00000000ddc00000,0x00000000de0bc780,0x00000000de700000)
  to   space 10752K, 0% used [0x00000000dd180000,0x00000000dd180000,0x00000000ddc00000)
 ParOldGen       total 55296K, used 14079K [0x0000000082800000, 0x0000000085e00000, 0x00000000d6300000)
  object space 55296K, 25% used [0x0000000082800000,0x00000000835bfe18,0x0000000085e00000)
 Metaspace       used 34194K, capacity 35326K, committed 35416K, reserved 1081344K
  class space    used 4404K, capacity 4649K, committed 4736K, reserved 1048576K
}
Event: 14.785 GC heap before
{Heap before GC invocations=12 (full 2):
 PSYoungGen      total 124416K, used 4849K [0x00000000d6300000, 0x00000000de980000, 0x0000000100000000)
  eden space 113152K, 0% used [0x00000000d6300000,0x00000000d6300000,0x00000000dd180000)
  from space 11264K, 43% used [0x00000000ddc00000,0x00000000de0bc780,0x00000000de700000)
  to   space 10752K, 0% used [0x00000000dd180000,0x00000000dd180000,0x00000000ddc00000)
 ParOldGen       total 55296K, used 14079K [0x0000000082800000, 0x0000000085e00000, 0x00000000d6300000)
  object space 55296K, 25% used [0x0000000082800000,0x00000000835bfe18,0x0000000085e00000)
 Metaspace       used 34194K, capacity 35326K, committed 35416K, reserved 1081344K
  class space    used 4404K, capacity 4649K, committed 4736K, reserved 1048576K
Event: 14.971 GC heap after
Heap after GC invocations=12 (full 2):
 PSYoungGen      total 124416K, used 0K [0x00000000d6300000, 0x00000000de980000, 0x0000000100000000)
  eden space 113152K, 0% used [0x00000000d6300000,0x00000000d6300000,0x00000000dd180000)
  from space 11264K, 0% used [0x00000000ddc00000,0x00000000ddc00000,0x00000000de700000)
  to   space 10752K, 0% used [0x00000000dd180000,0x00000000dd180000,0x00000000ddc00000)
 ParOldGen       total 85504K, used 14955K [0x0000000082800000, 0x0000000087b80000, 0x00000000d6300000)
  object space 85504K, 17% used [0x0000000082800000,0x000000008369aff0,0x0000000087b80000)
 Metaspace       used 34194K, capacity 35326K, committed 35416K, reserved 1081344K
  class space    used 4404K, capacity 4649K, committed 4736K, reserved 1048576K
}
Event: 18.735 GC heap before
{Heap before GC invocations=13 (full 2):
 PSYoungGen      total 124416K, used 113152K [0x00000000d6300000, 0x00000000de980000, 0x0000000100000000)
  eden space 113152K, 100% used [0x00000000d6300000,0x00000000dd180000,0x00000000dd180000)
  from space 11264K, 0% used [0x00000000ddc00000,0x00000000ddc00000,0x00000000de700000)
  to   space 10752K, 0% used [0x00000000dd180000,0x00000000dd180000,0x00000000ddc00000)
 ParOldGen       total 85504K, used 14955K [0x0000000082800000, 0x0000000087b80000, 0x00000000d6300000)
  object space 85504K, 17% used [0x0000000082800000,0x000000008369aff0,0x0000000087b80000)
 Metaspace       used 39857K, capacity 41196K, committed 41432K, reserved 1085440K
  class space    used 5072K, capacity 5336K, committed 5376K, reserved 1048576K
Event: 18.763 GC heap after
Heap after GC invocations=13 (full 2):
 PSYoungGen      total 123904K, used 7575K [0x00000000d6300000, 0x00000000e0700000, 0x0000000100000000)
  eden space 113152K, 0% used [0x00000000d6300000,0x00000000d6300000,0x00000000dd180000)
  from space 10752K, 70% used [0x00000000dd180000,0x00000000dd8e5d20,0x00000000ddc00000)
  to   space 10752K, 0% used [0x00000000dfc80000,0x00000000dfc80000,0x00000000e0700000)
 ParOldGen       total 85504K, used 14963K [0x0000000082800000, 0x0000000087b80000, 0x00000000d6300000)
  object space 85504K, 17% used [0x0000000082800000,0x000000008369cff0,0x0000000087b80000)
 Metaspace       used 39857K, capacity 41196K, committed 41432K, reserved 1085440K
  class space    used 5072K, capacity 5336K, committed 5376K, reserved 1048576K
}

