# JRE version: Java(TM) SE Runtime Environment (8.0_40-b25) (build 1.8.0_40-b25)
# Java VM: Java HotSpot(TM) 64-Bit Server VM (25.40-b25 mixed mode windows-amd64 compressed oops)
Heap:
 PSYoungGen      total 37888K, used 8005K [0x00000000d6300000, 0x00000000d8d00000, 0x0000000100000000)
  eden space 32768K, 12% used [0x00000000d6300000,0x00000000d6719808,0x00000000d8300000)
  from space 5120K, 74% used [0x00000000d8300000,0x00000000d86b7ca8,0x00000000d8800000)
  to   space 5120K, 0% used [0x00000000d8800000,0x00000000d8800000,0x00000000d8d00000)
 ParOldGen       total 46592K, used 5562K [0x0000000082800000, 0x0000000085580000, 0x00000000d6300000)
  object space 46592K, 11% used [0x0000000082800000,0x0000000082d6ea40,0x0000000085580000)
 Metaspace       used 24306K, capacity 25106K, committed 25212K, reserved 1071104K
  class space    used 3142K, capacity 3353K, committed 3456K, reserved 1048576K
GC Heap History (10 events):
Event: 5.200 GC heap before
{Heap before GC invocations=4 (full 0):
 PSYoungGen      total 37888K, used 37872K [0x00000000d6300000, 0x00000000d8d00000, 0x0000000100000000)
  eden space 32768K, 100% used [0x00000000d6300000,0x00000000d8300000,0x00000000d8300000)
  from space 5120K, 99% used [0x00000000d8300000,0x00000000d87fc238,0x00000000d8800000)
  to   space 5120K, 0% used [0x00000000d8800000,0x00000000d8800000,0x00000000d8d00000)
 ParOldGen       total 86016K, used 1101K [0x0000000082800000, 0x0000000087c00000, 0x00000000d6300000)
  object space 86016K, 1% used [0x0000000082800000,0x00000000829135a8,0x0000000087c00000)
 Metaspace       used 17672K, capacity 18226K, committed 18432K, reserved 1064960K
  class space    used 2327K, capacity 2479K, committed 2560K, reserved 1048576K
Event: 5.212 GC heap after
Heap after GC invocations=4 (full 0):
 PSYoungGen      total 37888K, used 5093K [0x00000000d6300000, 0x00000000d8d00000, 0x0000000100000000)
  eden space 32768K, 0% used [0x00000000d6300000,0x00000000d6300000,0x00000000d8300000)
  from space 5120K, 99% used [0x00000000d8800000,0x00000000d8cf9450,0x00000000d8d00000)
  to   space 5120K, 0% used [0x00000000d8300000,0x00000000d8300000,0x00000000d8800000)
 ParOldGen       total 86016K, used 3009K [0x0000000082800000, 0x0000000087c00000, 0x00000000d6300000)
  object space 86016K, 3% used [0x0000000082800000,0x0000000082af0460,0x0000000087c00000)
 Metaspace       used 17672K, capacity 18226K, committed 18432K, reserved 1064960K
  class space    used 2327K, capacity 2479K, committed 2560K, reserved 1048576K
}
Event: 5.604 GC heap before
{Heap before GC invocations=5 (full 0):
 PSYoungGen      total 37888K, used 31353K [0x00000000d6300000, 0x00000000d8d00000, 0x0000000100000000)
  eden space 32768K, 80% used [0x00000000d6300000,0x00000000d7ca53a8,0x00000000d8300000)
  from space 5120K, 99% used [0x00000000d8800000,0x00000000d8cf9450,0x00000000d8d00000)
  to   space 5120K, 0% used [0x00000000d8300000,0x00000000d8300000,0x00000000d8800000)
 ParOldGen       total 86016K, used 3009K [0x0000000082800000, 0x0000000087c00000, 0x00000000d6300000)
  object space 86016K, 3% used [0x0000000082800000,0x0000000082af0460,0x0000000087c00000)
 Metaspace       used 20615K, capacity 21244K, committed 21376K, reserved 1067008K
  class space    used 2670K, capacity 2836K, committed 2944K, reserved 1048576K
Event: 5.613 GC heap after
Heap after GC invocations=5 (full 0):
 PSYoungGen      total 37888K, used 5117K [0x00000000d6300000, 0x00000000d8d00000, 0x0000000100000000)
  eden space 32768K, 0% used [0x00000000d6300000,0x00000000d6300000,0x00000000d8300000)
  from space 5120K, 99% used [0x00000000d8300000,0x00000000d87ff470,0x00000000d8800000)
  to   space 5120K, 0% used [0x00000000d8800000,0x00000000d8800000,0x00000000d8d00000)
 ParOldGen       total 86016K, used 5585K [0x0000000082800000, 0x0000000087c00000, 0x00000000d6300000)
  object space 86016K, 6% used [0x0000000082800000,0x0000000082d744b0,0x0000000087c00000)
 Metaspace       used 20615K, capacity 21244K, committed 21376K, reserved 1067008K
  class space    used 2670K, capacity 2836K, committed 2944K, reserved 1048576K
}
Event: 5.634 GC heap before
{Heap before GC invocations=6 (full 0):
 PSYoungGen      total 37888K, used 7604K [0x00000000d6300000, 0x00000000d8d00000, 0x0000000100000000)
  eden space 32768K, 7% used [0x00000000d6300000,0x00000000d656dd90,0x00000000d8300000)
  from space 5120K, 99% used [0x00000000d8300000,0x00000000d87ff470,0x00000000d8800000)
  to   space 5120K, 0% used [0x00000000d8800000,0x00000000d8800000,0x00000000d8d00000)
 ParOldGen       total 86016K, used 5585K [0x0000000082800000, 0x0000000087c00000, 0x00000000d6300000)
  object space 86016K, 6% used [0x0000000082800000,0x0000000082d744b0,0x0000000087c00000)
 Metaspace       used 20894K, capacity 21470K, committed 21628K, reserved 1069056K
  class space    used 2693K, capacity 2869K, committed 2944K, reserved 1048576K
Event: 5.639 GC heap after
Heap after GC invocations=6 (full 0):
 PSYoungGen      total 37888K, used 5095K [0x00000000d6300000, 0x00000000d8d00000, 0x0000000100000000)
  eden space 32768K, 0% used [0x00000000d6300000,0x00000000d6300000,0x00000000d8300000)
  from space 5120K, 99% used [0x00000000d8800000,0x00000000d8cf9ec8,0x00000000d8d00000)
  to   space 5120K, 0% used [0x00000000d8300000,0x00000000d8300000,0x00000000d8800000)
 ParOldGen       total 86016K, used 5910K [0x0000000082800000, 0x0000000087c00000, 0x00000000d6300000)
  object space 86016K, 6% used [0x0000000082800000,0x0000000082dc5b68,0x0000000087c00000)
 Metaspace       used 20894K, capacity 21470K, committed 21628K, reserved 1069056K
  class space    used 2693K, capacity 2869K, committed 2944K, reserved 1048576K
}
Event: 5.640 GC heap before
{Heap before GC invocations=7 (full 1):
 PSYoungGen      total 37888K, used 5095K [0x00000000d6300000, 0x00000000d8d00000, 0x0000000100000000)
  eden space 32768K, 0% used [0x00000000d6300000,0x00000000d6300000,0x00000000d8300000)
  from space 5120K, 99% used [0x00000000d8800000,0x00000000d8cf9ec8,0x00000000d8d00000)
  to   space 5120K, 0% used [0x00000000d8300000,0x00000000d8300000,0x00000000d8800000)
 ParOldGen       total 86016K, used 5910K [0x0000000082800000, 0x0000000087c00000, 0x00000000d6300000)
  object space 86016K, 6% used [0x0000000082800000,0x0000000082dc5b68,0x0000000087c00000)
 Metaspace       used 20894K, capacity 21470K, committed 21628K, reserved 1069056K
  class space    used 2693K, capacity 2869K, committed 2944K, reserved 1048576K
Event: 5.703 GC heap after
Heap after GC invocations=7 (full 1):
 PSYoungGen      total 37888K, used 0K [0x00000000d6300000, 0x00000000d8d00000, 0x0000000100000000)
  eden space 32768K, 0% used [0x00000000d6300000,0x00000000d6300000,0x00000000d8300000)
  from space 5120K, 0% used [0x00000000d8800000,0x00000000d8800000,0x00000000d8d00000)
  to   space 5120K, 0% used [0x00000000d8300000,0x00000000d8300000,0x00000000d8800000)
 ParOldGen       total 46592K, used 5562K [0x0000000082800000, 0x0000000085580000, 0x00000000d6300000)
  object space 46592K, 11% used [0x0000000082800000,0x0000000082d6ea40,0x0000000085580000)
 Metaspace       used 20894K, capacity 21470K, committed 21628K, reserved 1069056K
  class space    used 2693K, capacity 2869K, committed 2944K, reserved 1048576K
}
Event: 6.527 GC heap before
{Heap before GC invocations=8 (full 1):
 PSYoungGen      total 37888K, used 32768K [0x00000000d6300000, 0x00000000d8d00000, 0x0000000100000000)
  eden space 32768K, 100% used [0x00000000d6300000,0x00000000d8300000,0x00000000d8300000)
  from space 5120K, 0% used [0x00000000d8800000,0x00000000d8800000,0x00000000d8d00000)
  to   space 5120K, 0% used [0x00000000d8300000,0x00000000d8300000,0x00000000d8800000)
 ParOldGen       total 46592K, used 5562K [0x0000000082800000, 0x0000000085580000, 0x00000000d6300000)
  object space 46592K, 11% used [0x0000000082800000,0x0000000082d6ea40,0x0000000085580000)
 Metaspace       used 24094K, capacity 24838K, committed 25084K, reserved 1071104K
  class space    used 3116K, capacity 3287K, committed 3328K, reserved 1048576K
Event: 6.551 GC heap after
Heap after GC invocations=8 (full 1):
 PSYoungGen      total 37888K, used 3807K [0x00000000d6300000, 0x00000000d8d00000, 0x0000000100000000)
  eden space 32768K, 0% used [0x00000000d6300000,0x00000000d6300000,0x00000000d8300000)
  from space 5120K, 74% used [0x00000000d8300000,0x00000000d86b7ca8,0x00000000d8800000)
  to   space 5120K, 0% used [0x00000000d8800000,0x00000000d8800000,0x00000000d8d00000)
 ParOldGen       total 46592K, used 5562K [0x0000000082800000, 0x0000000085580000, 0x00000000d6300000)
  object space 46592K, 11% used [0x0000000082800000,0x0000000082d6ea40,0x0000000085580000)
 Metaspace       used 24094K, capacity 24838K, committed 25084K, reserved 1071104K
  class space    used 3116K, capacity 3287K, committed 3328K, reserved 1048576K
}

