# JRE version: Java(TM) SE Runtime Environment (8.0_40-b25) (build 1.8.0_40-b25)
# Java VM: Java HotSpot(TM) 64-Bit Server VM (25.40-b25 mixed mode windows-amd64 compressed oops)
Heap:
 PSYoungGen      total 37888K, used 4476K [0x00000000d6300000, 0x00000000d8d00000, 0x0000000100000000)
  eden space 32768K, 2% used [0x00000000d6300000,0x00000000d63b5c20,0x00000000d8300000)
  from space 5120K, 73% used [0x00000000d8800000,0x00000000d8ba95b8,0x00000000d8d00000)
  to   space 5120K, 0% used [0x00000000d8300000,0x00000000d8300000,0x00000000d8800000)
 ParOldGen       total 57856K, used 7598K [0x0000000082800000, 0x0000000086080000, 0x00000000d6300000)
  object space 57856K, 13% used [0x0000000082800000,0x0000000082f6b980,0x0000000086080000)
 Metaspace       used 24010K, capacity 24668K, committed 24832K, reserved 1071104K
  class space    used 3104K, capacity 3280K, committed 3328K, reserved 1048576K
GC Heap History (10 events):
Event: 4.435 GC heap before
{Heap before GC invocations=3 (full 0):
 PSYoungGen      total 37888K, used 37673K [0x00000000d6300000, 0x00000000d8d00000, 0x0000000100000000)
  eden space 32768K, 100% used [0x00000000d6300000,0x00000000d8300000,0x00000000d8300000)
  from space 5120K, 95% used [0x00000000d8800000,0x00000000d8cca768,0x00000000d8d00000)
  to   space 5120K, 0% used [0x00000000d8300000,0x00000000d8300000,0x00000000d8800000)
 ParOldGen       total 86016K, used 16K [0x0000000082800000, 0x0000000087c00000, 0x00000000d6300000)
  object space 86016K, 0% used [0x0000000082800000,0x0000000082804000,0x0000000087c00000)
 Metaspace       used 15376K, capacity 15822K, committed 16128K, reserved 1062912K
  class space    used 1919K, capacity 2037K, committed 2048K, reserved 1048576K
Event: 4.443 GC heap after
Heap after GC invocations=3 (full 0):
 PSYoungGen      total 37888K, used 5116K [0x00000000d6300000, 0x00000000d8d00000, 0x0000000100000000)
  eden space 32768K, 0% used [0x00000000d6300000,0x00000000d6300000,0x00000000d8300000)
  from space 5120K, 99% used [0x00000000d8300000,0x00000000d87ff370,0x00000000d8800000)
  to   space 5120K, 0% used [0x00000000d8800000,0x00000000d8800000,0x00000000d8d00000)
 ParOldGen       total 86016K, used 926K [0x0000000082800000, 0x0000000087c00000, 0x00000000d6300000)
  object space 86016K, 1% used [0x0000000082800000,0x00000000828e7870,0x0000000087c00000)
 Metaspace       used 15376K, capacity 15822K, committed 16128K, reserved 1062912K
  class space    used 1919K, capacity 2037K, committed 2048K, reserved 1048576K
}
Event: 4.944 GC heap before
{Heap before GC invocations=4 (full 0):
 PSYoungGen      total 37888K, used 37884K [0x00000000d6300000, 0x00000000d8d00000, 0x0000000100000000)
  eden space 32768K, 100% used [0x00000000d6300000,0x00000000d8300000,0x00000000d8300000)
  from space 5120K, 99% used [0x00000000d8300000,0x00000000d87ff370,0x00000000d8800000)
  to   space 5120K, 0% used [0x00000000d8800000,0x00000000d8800000,0x00000000d8d00000)
 ParOldGen       total 86016K, used 926K [0x0000000082800000, 0x0000000087c00000, 0x00000000d6300000)
  object space 86016K, 1% used [0x0000000082800000,0x00000000828e7870,0x0000000087c00000)
 Metaspace       used 17861K, capacity 18376K, committed 18688K, reserved 1064960K
  class space    used 2344K, capacity 2484K, committed 2560K, reserved 1048576K
Event: 4.953 GC heap after
Heap after GC invocations=4 (full 0):
 PSYoungGen      total 37888K, used 5111K [0x00000000d6300000, 0x00000000d8d00000, 0x0000000100000000)
  eden space 32768K, 0% used [0x00000000d6300000,0x00000000d6300000,0x00000000d8300000)
  from space 5120K, 99% used [0x00000000d8800000,0x00000000d8cfded8,0x00000000d8d00000)
  to   space 5120K, 0% used [0x00000000d8300000,0x00000000d8300000,0x00000000d8800000)
 ParOldGen       total 86016K, used 3018K [0x0000000082800000, 0x0000000087c00000, 0x00000000d6300000)
  object space 86016K, 3% used [0x0000000082800000,0x0000000082af28e0,0x0000000087c00000)
 Metaspace       used 17861K, capacity 18376K, committed 18688K, reserved 1064960K
  class space    used 2344K, capacity 2484K, committed 2560K, reserved 1048576K
}
Event: 5.288 GC heap before
{Heap before GC invocations=5 (full 0):
 PSYoungGen      total 37888K, used 30569K [0x00000000d6300000, 0x00000000d8d00000, 0x0000000100000000)
  eden space 32768K, 77% used [0x00000000d6300000,0x00000000d7bdc6c0,0x00000000d8300000)
  from space 5120K, 99% used [0x00000000d8800000,0x00000000d8cfded8,0x00000000d8d00000)
  to   space 5120K, 0% used [0x00000000d8300000,0x00000000d8300000,0x00000000d8800000)
 ParOldGen       total 86016K, used 3018K [0x0000000082800000, 0x0000000087c00000, 0x00000000d6300000)
  object space 86016K, 3% used [0x0000000082800000,0x0000000082af28e0,0x0000000087c00000)
 Metaspace       used 20662K, capacity 21200K, committed 21248K, reserved 1067008K
  class space    used 2662K, capacity 2802K, committed 2816K, reserved 1048576K
Event: 5.297 GC heap after
Heap after GC invocations=5 (full 0):
 PSYoungGen      total 37888K, used 5089K [0x00000000d6300000, 0x00000000d8d00000, 0x0000000100000000)
  eden space 32768K, 0% used [0x00000000d6300000,0x00000000d6300000,0x00000000d8300000)
  from space 5120K, 99% used [0x00000000d8300000,0x00000000d87f8520,0x00000000d8800000)
  to   space 5120K, 0% used [0x00000000d8800000,0x00000000d8800000,0x00000000d8d00000)
 ParOldGen       total 86016K, used 5567K [0x0000000082800000, 0x0000000087c00000, 0x00000000d6300000)
  object space 86016K, 6% used [0x0000000082800000,0x0000000082d6fcd8,0x0000000087c00000)
 Metaspace       used 20662K, capacity 21200K, committed 21248K, reserved 1067008K
  class space    used 2662K, capacity 2802K, committed 2816K, reserved 1048576K
}
Event: 5.297 GC heap before
{Heap before GC invocations=6 (full 1):
 PSYoungGen      total 37888K, used 5089K [0x00000000d6300000, 0x00000000d8d00000, 0x0000000100000000)
  eden space 32768K, 0% used [0x00000000d6300000,0x00000000d6300000,0x00000000d8300000)
  from space 5120K, 99% used [0x00000000d8300000,0x00000000d87f8520,0x00000000d8800000)
  to   space 5120K, 0% used [0x00000000d8800000,0x00000000d8800000,0x00000000d8d00000)
 ParOldGen       total 86016K, used 5567K [0x0000000082800000, 0x0000000087c00000, 0x00000000d6300000)
  object space 86016K, 6% used [0x0000000082800000,0x0000000082d6fcd8,0x0000000087c00000)
 Metaspace       used 20662K, capacity 21200K, committed 21248K, reserved 1067008K
  class space    used 2662K, capacity 2802K, committed 2816K, reserved 1048576K
Event: 5.350 GC heap after
Heap after GC invocations=6 (full 1):
 PSYoungGen      total 37888K, used 0K [0x00000000d6300000, 0x00000000d8d00000, 0x0000000100000000)
  eden space 32768K, 0% used [0x00000000d6300000,0x00000000d6300000,0x00000000d8300000)
  from space 5120K, 0% used [0x00000000d8300000,0x00000000d8300000,0x00000000d8800000)
  to   space 5120K, 0% used [0x00000000d8800000,0x00000000d8800000,0x00000000d8d00000)
 ParOldGen       total 57856K, used 7598K [0x0000000082800000, 0x0000000086080000, 0x00000000d6300000)
  object space 57856K, 13% used [0x0000000082800000,0x0000000082f6b980,0x0000000086080000)
 Metaspace       used 20662K, capacity 21200K, committed 21248K, reserved 1067008K
  class space    used 2662K, capacity 2802K, committed 2816K, reserved 1048576K
}
Event: 6.155 GC heap before
{Heap before GC invocations=7 (full 1):
 PSYoungGen      total 37888K, used 32768K [0x00000000d6300000, 0x00000000d8d00000, 0x0000000100000000)
  eden space 32768K, 100% used [0x00000000d6300000,0x00000000d8300000,0x00000000d8300000)
  from space 5120K, 0% used [0x00000000d8300000,0x00000000d8300000,0x00000000d8800000)
  to   space 5120K, 0% used [0x00000000d8800000,0x00000000d8800000,0x00000000d8d00000)
 ParOldGen       total 57856K, used 7598K [0x0000000082800000, 0x0000000086080000, 0x00000000d6300000)
  object space 57856K, 13% used [0x0000000082800000,0x0000000082f6b980,0x0000000086080000)
 Metaspace       used 23988K, capacity 24668K, committed 24832K, reserved 1071104K
  class space    used 3104K, capacity 3280K, committed 3328K, reserved 1048576K
Event: 6.228 GC heap after
Heap after GC invocations=7 (full 1):
 PSYoungGen      total 37888K, used 3749K [0x00000000d6300000, 0x00000000d8d00000, 0x0000000100000000)
  eden space 32768K, 0% used [0x00000000d6300000,0x00000000d6300000,0x00000000d8300000)
  from space 5120K, 73% used [0x00000000d8800000,0x00000000d8ba95b8,0x00000000d8d00000)
  to   space 5120K, 0% used [0x00000000d8300000,0x00000000d8300000,0x00000000d8800000)
 ParOldGen       total 57856K, used 7598K [0x0000000082800000, 0x0000000086080000, 0x00000000d6300000)
  object space 57856K, 13% used [0x0000000082800000,0x0000000082f6b980,0x0000000086080000)
 Metaspace       used 23988K, capacity 24668K, committed 24832K, reserved 1071104K
  class space    used 3104K, capacity 3280K, committed 3328K, reserved 1048576K
}

