# JRE version: Java(TM) SE Runtime Environment (8.0_40-b25) (build 1.8.0_40-b25)
# Java VM: Java HotSpot(TM) 64-Bit Server VM (25.40-b25 mixed mode windows-amd64 compressed oops)
Heap:
 PSYoungGen      total 183808K, used 32099K [0x00000000d6300000, 0x00000000e4580000, 0x0000000100000000)
  eden space 172032K, 13% used [0x00000000d6300000,0x00000000d792d7f8,0x00000000e0b00000)
  from space 11776K, 79% used [0x00000000e0b00000,0x00000000e142b5b0,0x00000000e1680000)
  to   space 10752K, 0% used [0x00000000e1680000,0x00000000e1680000,0x00000000e2100000)
 ParOldGen       total 78336K, used 15149K [0x0000000082800000, 0x0000000087480000, 0x00000000d6300000)
  object space 78336K, 19% used [0x0000000082800000,0x00000000836cb480,0x0000000087480000)
 Metaspace       used 39611K, capacity 41380K, committed 41520K, reserved 1085440K
  class space    used 5074K, capacity 5402K, committed 5424K, reserved 1048576K
GC Heap History (10 events):
Event: 9.090 GC heap before
{Heap before GC invocations=7 (full 1):
 PSYoungGen      total 70656K, used 65536K [0x00000000d6300000, 0x00000000df400000, 0x0000000100000000)
  eden space 65536K, 100% used [0x00000000d6300000,0x00000000da300000,0x00000000da300000)
  from space 5120K, 0% used [0x00000000da300000,0x00000000da300000,0x00000000da800000)
  to   space 8704K, 0% used [0x00000000deb80000,0x00000000deb80000,0x00000000df400000)
 ParOldGen       total 52736K, used 6854K [0x0000000082800000, 0x0000000085b80000, 0x00000000d6300000)
  object space 52736K, 12% used [0x0000000082800000,0x0000000082eb18d0,0x0000000085b80000)
 Metaspace       used 26262K, capacity 27090K, committed 27184K, reserved 1073152K
  class space    used 3377K, capacity 3571K, committed 3632K, reserved 1048576K
Event: 9.104 GC heap after
Heap after GC invocations=7 (full 1):
 PSYoungGen      total 115200K, used 7121K [0x00000000d6300000, 0x00000000df280000, 0x0000000100000000)
  eden space 108032K, 0% used [0x00000000d6300000,0x00000000d6300000,0x00000000dcc80000)
  from space 7168K, 99% used [0x00000000deb80000,0x00000000df2744b8,0x00000000df280000)
  to   space 8704K, 0% used [0x00000000de180000,0x00000000de180000,0x00000000dea00000)
 ParOldGen       total 52736K, used 6862K [0x0000000082800000, 0x0000000085b80000, 0x00000000d6300000)
  object space 52736K, 13% used [0x0000000082800000,0x0000000082eb38d0,0x0000000085b80000)
 Metaspace       used 26262K, capacity 27090K, committed 27184K, reserved 1073152K
  class space    used 3377K, capacity 3571K, committed 3632K, reserved 1048576K
}
Event: 12.691 GC heap before
{Heap before GC invocations=8 (full 1):
 PSYoungGen      total 115200K, used 115153K [0x00000000d6300000, 0x00000000df280000, 0x0000000100000000)
  eden space 108032K, 100% used [0x00000000d6300000,0x00000000dcc80000,0x00000000dcc80000)
  from space 7168K, 99% used [0x00000000deb80000,0x00000000df2744b8,0x00000000df280000)
  to   space 8704K, 0% used [0x00000000de180000,0x00000000de180000,0x00000000dea00000)
 ParOldGen       total 52736K, used 6862K [0x0000000082800000, 0x0000000085b80000, 0x00000000d6300000)
  object space 52736K, 13% used [0x0000000082800000,0x0000000082eb38d0,0x0000000085b80000)
 Metaspace       used 31657K, capacity 32816K, committed 33072K, reserved 1077248K
  class space    used 4139K, capacity 4384K, committed 4400K, reserved 1048576K
Event: 12.723 GC heap after
Heap after GC invocations=8 (full 1):
 PSYoungGen      total 138240K, used 8700K [0x00000000d6300000, 0x00000000e2100000, 0x0000000100000000)
  eden space 129536K, 0% used [0x00000000d6300000,0x00000000d6300000,0x00000000de180000)
  from space 8704K, 99% used [0x00000000de180000,0x00000000de9ff278,0x00000000dea00000)
  to   space 10752K, 0% used [0x00000000e1680000,0x00000000e1680000,0x00000000e2100000)
 ParOldGen       total 52736K, used 9118K [0x0000000082800000, 0x0000000085b80000, 0x00000000d6300000)
  object space 52736K, 17% used [0x0000000082800000,0x00000000830e78f8,0x0000000085b80000)
 Metaspace       used 31657K, capacity 32816K, committed 33072K, reserved 1077248K
  class space    used 4139K, capacity 4384K, committed 4400K, reserved 1048576K
}
Event: 14.040 GC heap before
{Heap before GC invocations=9 (full 1):
 PSYoungGen      total 138240K, used 50189K [0x00000000d6300000, 0x00000000e2100000, 0x0000000100000000)
  eden space 129536K, 32% used [0x00000000d6300000,0x00000000d8b844e8,0x00000000de180000)
  from space 8704K, 99% used [0x00000000de180000,0x00000000de9ff278,0x00000000dea00000)
  to   space 10752K, 0% used [0x00000000e1680000,0x00000000e1680000,0x00000000e2100000)
 ParOldGen       total 52736K, used 9118K [0x0000000082800000, 0x0000000085b80000, 0x00000000d6300000)
  object space 52736K, 17% used [0x0000000082800000,0x00000000830e78f8,0x0000000085b80000)
 Metaspace       used 34191K, capacity 35310K, committed 35496K, reserved 1081344K
  class space    used 4348K, capacity 4589K, committed 4656K, reserved 1048576K
Event: 14.082 GC heap after
Heap after GC invocations=9 (full 1):
 PSYoungGen      total 182784K, used 10373K [0x00000000d6300000, 0x00000000e4580000, 0x0000000100000000)
  eden space 172032K, 0% used [0x00000000d6300000,0x00000000d6300000,0x00000000e0b00000)
  from space 10752K, 96% used [0x00000000e1680000,0x00000000e20a1550,0x00000000e2100000)
  to   space 11776K, 0% used [0x00000000e0b00000,0x00000000e0b00000,0x00000000e1680000)
 ParOldGen       total 52736K, used 9126K [0x0000000082800000, 0x0000000085b80000, 0x00000000d6300000)
  object space 52736K, 17% used [0x0000000082800000,0x00000000830e98f8,0x0000000085b80000)
 Metaspace       used 34191K, capacity 35310K, committed 35496K, reserved 1081344K
  class space    used 4348K, capacity 4589K, committed 4656K, reserved 1048576K
}
Event: 14.082 GC heap before
{Heap before GC invocations=10 (full 2):
 PSYoungGen      total 182784K, used 10373K [0x00000000d6300000, 0x00000000e4580000, 0x0000000100000000)
  eden space 172032K, 0% used [0x00000000d6300000,0x00000000d6300000,0x00000000e0b00000)
  from space 10752K, 96% used [0x00000000e1680000,0x00000000e20a1550,0x00000000e2100000)
  to   space 11776K, 0% used [0x00000000e0b00000,0x00000000e0b00000,0x00000000e1680000)
 ParOldGen       total 52736K, used 9126K [0x0000000082800000, 0x0000000085b80000, 0x00000000d6300000)
  object space 52736K, 17% used [0x0000000082800000,0x00000000830e98f8,0x0000000085b80000)
 Metaspace       used 34191K, capacity 35310K, committed 35496K, reserved 1081344K
  class space    used 4348K, capacity 4589K, committed 4656K, reserved 1048576K
Event: 14.214 GC heap after
Heap after GC invocations=10 (full 2):
 PSYoungGen      total 182784K, used 0K [0x00000000d6300000, 0x00000000e4580000, 0x0000000100000000)
  eden space 172032K, 0% used [0x00000000d6300000,0x00000000d6300000,0x00000000e0b00000)
  from space 10752K, 0% used [0x00000000e1680000,0x00000000e1680000,0x00000000e2100000)
  to   space 11776K, 0% used [0x00000000e0b00000,0x00000000e0b00000,0x00000000e1680000)
 ParOldGen       total 78336K, used 15141K [0x0000000082800000, 0x0000000087480000, 0x00000000d6300000)
  object space 78336K, 19% used [0x0000000082800000,0x00000000836c9480,0x0000000087480000)
 Metaspace       used 34191K, capacity 35310K, committed 35496K, reserved 1081344K
  class space    used 4348K, capacity 4589K, committed 4656K, reserved 1048576K
}
Event: 19.841 GC heap before
{Heap before GC invocations=11 (full 2):
 PSYoungGen      total 182784K, used 172032K [0x00000000d6300000, 0x00000000e4580000, 0x0000000100000000)
  eden space 172032K, 100% used [0x00000000d6300000,0x00000000e0b00000,0x00000000e0b00000)
  from space 10752K, 0% used [0x00000000e1680000,0x00000000e1680000,0x00000000e2100000)
  to   space 11776K, 0% used [0x00000000e0b00000,0x00000000e0b00000,0x00000000e1680000)
 ParOldGen       total 78336K, used 15141K [0x0000000082800000, 0x0000000087480000, 0x00000000d6300000)
  object space 78336K, 19% used [0x0000000082800000,0x00000000836c9480,0x0000000087480000)
 Metaspace       used 39494K, capacity 41270K, committed 41520K, reserved 1085440K
  class space    used 5058K, capacity 5367K, committed 5424K, reserved 1048576K
Event: 19.862 GC heap after
Heap after GC invocations=11 (full 2):
 PSYoungGen      total 183808K, used 9389K [0x00000000d6300000, 0x00000000e4580000, 0x0000000100000000)
  eden space 172032K, 0% used [0x00000000d6300000,0x00000000d6300000,0x00000000e0b00000)
  from space 11776K, 79% used [0x00000000e0b00000,0x00000000e142b5b0,0x00000000e1680000)
  to   space 10752K, 0% used [0x00000000e1680000,0x00000000e1680000,0x00000000e2100000)
 ParOldGen       total 78336K, used 15149K [0x0000000082800000, 0x0000000087480000, 0x00000000d6300000)
  object space 78336K, 19% used [0x0000000082800000,0x00000000836cb480,0x0000000087480000)
 Metaspace       used 39494K, capacity 41270K, committed 41520K, reserved 1085440K
  class space    used 5058K, capacity 5367K, committed 5424K, reserved 1048576K
}

