# JRE version: Java(TM) SE Runtime Environment (8.0_40-b25) (build 1.8.0_40-b25)
# Java VM: Java HotSpot(TM) 64-Bit Server VM (25.40-b25 mixed mode windows-amd64 compressed oops)
Heap:
 PSYoungGen      total 37888K, used 19695K [0x00000000d6300000, 0x00000000d8d00000, 0x0000000100000000)
  eden space 32768K, 45% used [0x00000000d6300000,0x00000000d7174b10,0x00000000d8300000)
  from space 5120K, 95% used [0x00000000d8800000,0x00000000d8cc71f0,0x00000000d8d00000)
  to   space 5120K, 0% used [0x00000000d8300000,0x00000000d8300000,0x00000000d8800000)
 ParOldGen       total 86016K, used 24K [0x0000000082800000, 0x0000000087c00000, 0x00000000d6300000)
  object space 86016K, 0% used [0x0000000082800000,0x0000000082806000,0x0000000087c00000)
 Metaspace       used 13047K, capacity 13434K, committed 13568K, reserved 1060864K
  class space    used 1592K, capacity 1691K, committed 1792K, reserved 1048576K
GC Heap History (4 events):
Event: 3.419 GC heap before
{Heap before GC invocations=1 (full 0):
 PSYoungGen      total 37888K, used 32768K [0x00000000d6300000, 0x00000000d8d00000, 0x0000000100000000)
  eden space 32768K, 100% used [0x00000000d6300000,0x00000000d8300000,0x00000000d8300000)
  from space 5120K, 0% used [0x00000000d8800000,0x00000000d8800000,0x00000000d8d00000)
  to   space 5120K, 0% used [0x00000000d8300000,0x00000000d8300000,0x00000000d8800000)
 ParOldGen       total 86016K, used 0K [0x0000000082800000, 0x0000000087c00000, 0x00000000d6300000)
  object space 86016K, 0% used [0x0000000082800000,0x0000000082800000,0x0000000087c00000)
 Metaspace       used 8149K, capacity 8392K, committed 8448K, reserved 1056768K
  class space    used 932K, capacity 1006K, committed 1024K, reserved 1048576K
Event: 3.429 GC heap after
Heap after GC invocations=1 (full 0):
 PSYoungGen      total 37888K, used 4416K [0x00000000d6300000, 0x00000000d8d00000, 0x0000000100000000)
  eden space 32768K, 0% used [0x00000000d6300000,0x00000000d6300000,0x00000000d8300000)
  from space 5120K, 86% used [0x00000000d8300000,0x00000000d8750360,0x00000000d8800000)
  to   space 5120K, 0% used [0x00000000d8800000,0x00000000d8800000,0x00000000d8d00000)
 ParOldGen       total 86016K, used 16K [0x0000000082800000, 0x0000000087c00000, 0x00000000d6300000)
  object space 86016K, 0% used [0x0000000082800000,0x0000000082804000,0x0000000087c00000)
 Metaspace       used 8149K, capacity 8392K, committed 8448K, reserved 1056768K
  class space    used 932K, capacity 1006K, committed 1024K, reserved 1048576K
}
Event: 4.745 GC heap before
{Heap before GC invocations=2 (full 0):
 PSYoungGen      total 37888K, used 37184K [0x00000000d6300000, 0x00000000d8d00000, 0x0000000100000000)
  eden space 32768K, 100% used [0x00000000d6300000,0x00000000d8300000,0x00000000d8300000)
  from space 5120K, 86% used [0x00000000d8300000,0x00000000d8750360,0x00000000d8800000)
  to   space 5120K, 0% used [0x00000000d8800000,0x00000000d8800000,0x00000000d8d00000)
 ParOldGen       total 86016K, used 16K [0x0000000082800000, 0x0000000087c00000, 0x00000000d6300000)
  object space 86016K, 0% used [0x0000000082800000,0x0000000082804000,0x0000000087c00000)
 Metaspace       used 11132K, capacity 11448K, committed 11776K, reserved 1058816K
  class space    used 1325K, capacity 1420K, committed 1536K, reserved 1048576K
Event: 4.756 GC heap after
Heap after GC invocations=2 (full 0):
 PSYoungGen      total 37888K, used 4892K [0x00000000d6300000, 0x00000000d8d00000, 0x0000000100000000)
  eden space 32768K, 0% used [0x00000000d6300000,0x00000000d6300000,0x00000000d8300000)
  from space 5120K, 95% used [0x00000000d8800000,0x00000000d8cc71f0,0x00000000d8d00000)
  to   space 5120K, 0% used [0x00000000d8300000,0x00000000d8300000,0x00000000d8800000)
 ParOldGen       total 86016K, used 24K [0x0000000082800000, 0x0000000087c00000, 0x00000000d6300000)
  object space 86016K, 0% used [0x0000000082800000,0x0000000082806000,0x0000000087c00000)
 Metaspace       used 11132K, capacity 11448K, committed 11776K, reserved 1058816K
  class space    used 1325K, capacity 1420K, committed 1536K, reserved 1048576K
}

