# JRE version: Java(TM) SE Runtime Environment (8.0_40-b25) (build 1.8.0_40-b25)
# Java VM: Java HotSpot(TM) 64-Bit Server VM (25.40-b25 mixed mode windows-amd64 compressed oops)
Heap:
 PSYoungGen      total 226304K, used 19521K [0x00000000d6300000, 0x00000000e5c80000, 0x0000000100000000)
  eden space 215040K, 3% used [0x00000000d6300000,0x00000000d6b17c60,0x00000000e3500000)
  from space 11264K, 99% used [0x00000000e4180000,0x00000000e4c78920,0x00000000e4c80000)
  to   space 12800K, 0% used [0x00000000e3500000,0x00000000e3500000,0x00000000e4180000)
 ParOldGen       total 74240K, used 25308K [0x0000000082800000, 0x0000000087080000, 0x00000000d6300000)
  object space 74240K, 34% used [0x0000000082800000,0x00000000840b70b0,0x0000000087080000)
 Metaspace       used 49560K, capacity 51798K, committed 51968K, reserved 1093632K
  class space    used 6492K, capacity 6885K, committed 6912K, reserved 1048576K
GC Heap History (10 events):
Event: 9.650 GC heap after
Heap after GC invocations=7 (full 1):
 PSYoungGen      total 127488K, used 6835K [0x00000000d6300000, 0x00000000df280000, 0x0000000100000000)
  eden space 120320K, 0% used [0x00000000d6300000,0x00000000d6300000,0x00000000dd880000)
  from space 7168K, 95% used [0x00000000deb80000,0x00000000df22ce70,0x00000000df280000)
  to   space 8704K, 0% used [0x00000000de180000,0x00000000de180000,0x00000000dea00000)
 ParOldGen       total 48640K, used 7718K [0x0000000082800000, 0x0000000085780000, 0x00000000d6300000)
  object space 48640K, 15% used [0x0000000082800000,0x0000000082f89a00,0x0000000085780000)
 Metaspace       used 26226K, capacity 26994K, committed 27136K, reserved 1073152K
  class space    used 3354K, capacity 3565K, committed 3584K, reserved 1048576K
}
Event: 11.403 GC heap before
{Heap before GC invocations=8 (full 1):
 PSYoungGen      total 127488K, used 127155K [0x00000000d6300000, 0x00000000df280000, 0x0000000100000000)
  eden space 120320K, 100% used [0x00000000d6300000,0x00000000dd880000,0x00000000dd880000)
  from space 7168K, 95% used [0x00000000deb80000,0x00000000df22ce70,0x00000000df280000)
  to   space 8704K, 0% used [0x00000000de180000,0x00000000de180000,0x00000000dea00000)
 ParOldGen       total 48640K, used 7718K [0x0000000082800000, 0x0000000085780000, 0x00000000d6300000)
  object space 48640K, 15% used [0x0000000082800000,0x0000000082f89a00,0x0000000085780000)
 Metaspace       used 30649K, capacity 31710K, committed 31872K, reserved 1077248K
  class space    used 3968K, capacity 4201K, committed 4224K, reserved 1048576K
Event: 11.417 GC heap after
Heap after GC invocations=8 (full 1):
 PSYoungGen      total 138240K, used 8676K [0x00000000d6300000, 0x00000000e4c80000, 0x0000000100000000)
  eden space 129536K, 0% used [0x00000000d6300000,0x00000000d6300000,0x00000000de180000)
  from space 8704K, 99% used [0x00000000de180000,0x00000000de9f9208,0x00000000dea00000)
  to   space 11264K, 0% used [0x00000000e4180000,0x00000000e4180000,0x00000000e4c80000)
 ParOldGen       total 48640K, used 10397K [0x0000000082800000, 0x0000000085780000, 0x00000000d6300000)
  object space 48640K, 21% used [0x0000000082800000,0x0000000083227478,0x0000000085780000)
 Metaspace       used 30649K, capacity 31710K, committed 31872K, reserved 1077248K
  class space    used 3968K, capacity 4201K, committed 4224K, reserved 1048576K
}
Event: 12.810 GC heap before
{Heap before GC invocations=9 (full 1):
 PSYoungGen      total 138240K, used 89380K [0x00000000d6300000, 0x00000000e4c80000, 0x0000000100000000)
  eden space 129536K, 62% used [0x00000000d6300000,0x00000000db1d01f0,0x00000000de180000)
  from space 8704K, 99% used [0x00000000de180000,0x00000000de9f9208,0x00000000dea00000)
  to   space 11264K, 0% used [0x00000000e4180000,0x00000000e4180000,0x00000000e4c80000)
 ParOldGen       total 48640K, used 10397K [0x0000000082800000, 0x0000000085780000, 0x00000000d6300000)
  object space 48640K, 21% used [0x0000000082800000,0x0000000083227478,0x0000000085780000)
 Metaspace       used 34154K, capacity 35326K, committed 35416K, reserved 1079296K
  class space    used 4402K, capacity 4649K, committed 4736K, reserved 1048576K
Event: 12.839 GC heap after
Heap after GC invocations=9 (full 1):
 PSYoungGen      total 226304K, used 11234K [0x00000000d6300000, 0x00000000e5c80000, 0x0000000100000000)
  eden space 215040K, 0% used [0x00000000d6300000,0x00000000d6300000,0x00000000e3500000)
  from space 11264K, 99% used [0x00000000e4180000,0x00000000e4c78ab8,0x00000000e4c80000)
  to   space 12800K, 0% used [0x00000000e3500000,0x00000000e3500000,0x00000000e4180000)
 ParOldGen       total 48640K, used 10885K [0x0000000082800000, 0x0000000085780000, 0x00000000d6300000)
  object space 48640K, 22% used [0x0000000082800000,0x00000000832a1738,0x0000000085780000)
 Metaspace       used 34154K, capacity 35326K, committed 35416K, reserved 1079296K
  class space    used 4402K, capacity 4649K, committed 4736K, reserved 1048576K
}
Event: 12.839 GC heap before
{Heap before GC invocations=10 (full 2):
 PSYoungGen      total 226304K, used 11234K [0x00000000d6300000, 0x00000000e5c80000, 0x0000000100000000)
  eden space 215040K, 0% used [0x00000000d6300000,0x00000000d6300000,0x00000000e3500000)
  from space 11264K, 99% used [0x00000000e4180000,0x00000000e4c78ab8,0x00000000e4c80000)
  to   space 12800K, 0% used [0x00000000e3500000,0x00000000e3500000,0x00000000e4180000)
 ParOldGen       total 48640K, used 10885K [0x0000000082800000, 0x0000000085780000, 0x00000000d6300000)
  object space 48640K, 22% used [0x0000000082800000,0x00000000832a1738,0x0000000085780000)
 Metaspace       used 34154K, capacity 35326K, committed 35416K, reserved 1079296K
  class space    used 4402K, capacity 4649K, committed 4736K, reserved 1048576K
Event: 13.041 GC heap after
Heap after GC invocations=10 (full 2):
 PSYoungGen      total 226304K, used 0K [0x00000000d6300000, 0x00000000e5c80000, 0x0000000100000000)
  eden space 215040K, 0% used [0x00000000d6300000,0x00000000d6300000,0x00000000e3500000)
  from space 11264K, 0% used [0x00000000e4180000,0x00000000e4180000,0x00000000e4c80000)
  to   space 12800K, 0% used [0x00000000e3500000,0x00000000e3500000,0x00000000e4180000)
 ParOldGen       total 74240K, used 16577K [0x0000000082800000, 0x0000000087080000, 0x00000000d6300000)
  object space 74240K, 22% used [0x0000000082800000,0x00000000838305e8,0x0000000087080000)
 Metaspace       used 34154K, capacity 35326K, committed 35416K, reserved 1079296K
  class space    used 4402K, capacity 4649K, committed 4736K, reserved 1048576K
}
Event: 16.659 GC heap before
{Heap before GC invocations=11 (full 2):
 PSYoungGen      total 226304K, used 215040K [0x00000000d6300000, 0x00000000e5c80000, 0x0000000100000000)
  eden space 215040K, 100% used [0x00000000d6300000,0x00000000e3500000,0x00000000e3500000)
  from space 11264K, 0% used [0x00000000e4180000,0x00000000e4180000,0x00000000e4c80000)
  to   space 12800K, 0% used [0x00000000e3500000,0x00000000e3500000,0x00000000e4180000)
 ParOldGen       total 74240K, used 16577K [0x0000000082800000, 0x0000000087080000, 0x00000000d6300000)
  object space 74240K, 22% used [0x0000000082800000,0x00000000838305e8,0x0000000087080000)
 Metaspace       used 45354K, capacity 47004K, committed 47232K, reserved 1089536K
  class space    used 5849K, capacity 6170K, committed 6272K, reserved 1048576K
Event: 16.701 GC heap after
Heap after GC invocations=11 (full 2):
 PSYoungGen      total 227840K, used 12792K [0x00000000d6300000, 0x00000000e5c80000, 0x0000000100000000)
  eden space 215040K, 0% used [0x00000000d6300000,0x00000000d6300000,0x00000000e3500000)
  from space 12800K, 99% used [0x00000000e3500000,0x00000000e417e1c0,0x00000000e4180000)
  to   space 11264K, 0% used [0x00000000e4180000,0x00000000e4180000,0x00000000e4c80000)
 ParOldGen       total 74240K, used 18799K [0x0000000082800000, 0x0000000087080000, 0x00000000d6300000)
  object space 74240K, 25% used [0x0000000082800000,0x0000000083a5be40,0x0000000087080000)
 Metaspace       used 45354K, capacity 47004K, committed 47232K, reserved 1089536K
  class space    used 5849K, capacity 6170K, committed 6272K, reserved 1048576K
}
Event: 20.025 GC heap before
{Heap before GC invocations=12 (full 2):
 PSYoungGen      total 227840K, used 227832K [0x00000000d6300000, 0x00000000e5c80000, 0x0000000100000000)
  eden space 215040K, 100% used [0x00000000d6300000,0x00000000e3500000,0x00000000e3500000)
  from space 12800K, 99% used [0x00000000e3500000,0x00000000e417e1c0,0x00000000e4180000)
  to   space 11264K, 0% used [0x00000000e4180000,0x00000000e4180000,0x00000000e4c80000)
 ParOldGen       total 74240K, used 18799K [0x0000000082800000, 0x0000000087080000, 0x00000000d6300000)
  object space 74240K, 25% used [0x0000000082800000,0x0000000083a5be40,0x0000000087080000)
 Metaspace       used 49413K, capacity 51654K, committed 51712K, reserved 1093632K
  class space    used 6473K, capacity 6881K, committed 6912K, reserved 1048576K

