# JRE version: Java(TM) SE Runtime Environment (8.0_40-b25) (build 1.8.0_40-b25)
# Java VM: Java HotSpot(TM) 64-Bit Server VM (25.40-b25 mixed mode windows-amd64 compressed oops)
Heap:
 PSYoungGen      total 140288K, used 43825K [0x00000000d6300000, 0x00000000e2900000, 0x0000000100000000)
  eden space 129536K, 33% used [0x00000000d6300000,0x00000000d8dcc580,0x00000000de180000)
  from space 10752K, 0% used [0x00000000e1e80000,0x00000000e1e80000,0x00000000e2900000)
  to   space 8704K, 0% used [0x00000000de180000,0x00000000de180000,0x00000000dea00000)
 ParOldGen       total 52736K, used 17408K [0x0000000082800000, 0x0000000085b80000, 0x00000000d6300000)
  object space 52736K, 33% used [0x0000000082800000,0x0000000083900130,0x0000000085b80000)
 Metaspace       used 35962K, capacity 37176K, committed 37336K, reserved 1081344K
  class space    used 4617K, capacity 4864K, committed 4864K, reserved 1048576K
GC Heap History (10 events):
Event: 4.721 GC heap before
{Heap before GC invocations=6 (full 1):
 PSYoungGen      total 70656K, used 5093K [0x00000000d6300000, 0x00000000df400000, 0x0000000100000000)
  eden space 65536K, 0% used [0x00000000d6300000,0x00000000d6300000,0x00000000da300000)
  from space 5120K, 99% used [0x00000000da300000,0x00000000da7f9450,0x00000000da800000)
  to   space 8704K, 0% used [0x00000000deb80000,0x00000000deb80000,0x00000000df400000)
 ParOldGen       total 86016K, used 5492K [0x0000000082800000, 0x0000000087c00000, 0x00000000d6300000)
  object space 86016K, 6% used [0x0000000082800000,0x0000000082d5d380,0x0000000087c00000)
 Metaspace       used 20624K, capacity 21156K, committed 21248K, reserved 1067008K
  class space    used 2647K, capacity 2794K, committed 2816K, reserved 1048576K
Event: 4.773 GC heap after
Heap after GC invocations=6 (full 1):
 PSYoungGen      total 70656K, used 0K [0x00000000d6300000, 0x00000000df400000, 0x0000000100000000)
  eden space 65536K, 0% used [0x00000000d6300000,0x00000000d6300000,0x00000000da300000)
  from space 5120K, 0% used [0x00000000da300000,0x00000000da300000,0x00000000da800000)
  to   space 8704K, 0% used [0x00000000deb80000,0x00000000deb80000,0x00000000df400000)
 ParOldGen       total 52736K, used 7521K [0x0000000082800000, 0x0000000085b80000, 0x00000000d6300000)
  object space 52736K, 14% used [0x0000000082800000,0x0000000082f58748,0x0000000085b80000)
 Metaspace       used 20624K, capacity 21156K, committed 21248K, reserved 1067008K
  class space    used 2647K, capacity 2794K, committed 2816K, reserved 1048576K
}
Event: 6.079 GC heap before
{Heap before GC invocations=7 (full 1):
 PSYoungGen      total 70656K, used 65536K [0x00000000d6300000, 0x00000000df400000, 0x0000000100000000)
  eden space 65536K, 100% used [0x00000000d6300000,0x00000000da300000,0x00000000da300000)
  from space 5120K, 0% used [0x00000000da300000,0x00000000da300000,0x00000000da800000)
  to   space 8704K, 0% used [0x00000000deb80000,0x00000000deb80000,0x00000000df400000)
 ParOldGen       total 52736K, used 7521K [0x0000000082800000, 0x0000000085b80000, 0x00000000d6300000)
  object space 52736K, 14% used [0x0000000082800000,0x0000000082f58748,0x0000000085b80000)
 Metaspace       used 26158K, capacity 26946K, committed 27136K, reserved 1073152K
  class space    used 3344K, capacity 3553K, committed 3584K, reserved 1048576K
Event: 6.087 GC heap after
Heap after GC invocations=7 (full 1):
 PSYoungGen      total 117760K, used 6760K [0x00000000d6300000, 0x00000000df280000, 0x0000000100000000)
  eden space 110592K, 0% used [0x00000000d6300000,0x00000000d6300000,0x00000000dcf00000)
  from space 7168K, 94% used [0x00000000deb80000,0x00000000df21a0c8,0x00000000df280000)
  to   space 8704K, 0% used [0x00000000de180000,0x00000000de180000,0x00000000dea00000)
 ParOldGen       total 52736K, used 7529K [0x0000000082800000, 0x0000000085b80000, 0x00000000d6300000)
  object space 52736K, 14% used [0x0000000082800000,0x0000000082f5a748,0x0000000085b80000)
 Metaspace       used 26158K, capacity 26946K, committed 27136K, reserved 1073152K
  class space    used 3344K, capacity 3553K, committed 3584K, reserved 1048576K
}
Event: 7.847 GC heap before
{Heap before GC invocations=8 (full 1):
 PSYoungGen      total 117760K, used 117352K [0x00000000d6300000, 0x00000000df280000, 0x0000000100000000)
  eden space 110592K, 100% used [0x00000000d6300000,0x00000000dcf00000,0x00000000dcf00000)
  from space 7168K, 94% used [0x00000000deb80000,0x00000000df21a0c8,0x00000000df280000)
  to   space 8704K, 0% used [0x00000000de180000,0x00000000de180000,0x00000000dea00000)
 ParOldGen       total 52736K, used 7529K [0x0000000082800000, 0x0000000085b80000, 0x00000000d6300000)
  object space 52736K, 14% used [0x0000000082800000,0x0000000082f5a748,0x0000000085b80000)
 Metaspace       used 30008K, capacity 31052K, committed 31360K, reserved 1077248K
  class space    used 3887K, capacity 4124K, committed 4224K, reserved 1048576K
Event: 7.860 GC heap after
Heap after GC invocations=8 (full 1):
 PSYoungGen      total 138240K, used 8679K [0x00000000d6300000, 0x00000000e2900000, 0x0000000100000000)
  eden space 129536K, 0% used [0x00000000d6300000,0x00000000d6300000,0x00000000de180000)
  from space 8704K, 99% used [0x00000000de180000,0x00000000de9f9fd0,0x00000000dea00000)
  to   space 10752K, 0% used [0x00000000e1e80000,0x00000000e1e80000,0x00000000e2900000)
 ParOldGen       total 52736K, used 9324K [0x0000000082800000, 0x0000000085b80000, 0x00000000d6300000)
  object space 52736K, 17% used [0x0000000082800000,0x000000008311b390,0x0000000085b80000)
 Metaspace       used 30008K, capacity 31052K, committed 31360K, reserved 1077248K
  class space    used 3887K, capacity 4124K, committed 4224K, reserved 1048576K
}
Event: 9.497 GC heap before
{Heap before GC invocations=9 (full 1):
 PSYoungGen      total 138240K, used 104823K [0x00000000d6300000, 0x00000000e2900000, 0x0000000100000000)
  eden space 129536K, 74% used [0x00000000d6300000,0x00000000dc0e3d08,0x00000000de180000)
  from space 8704K, 99% used [0x00000000de180000,0x00000000de9f9fd0,0x00000000dea00000)
  to   space 10752K, 0% used [0x00000000e1e80000,0x00000000e1e80000,0x00000000e2900000)
 ParOldGen       total 52736K, used 9324K [0x0000000082800000, 0x0000000085b80000, 0x00000000d6300000)
  object space 52736K, 17% used [0x0000000082800000,0x000000008311b390,0x0000000085b80000)
 Metaspace       used 34201K, capacity 35326K, committed 35416K, reserved 1079296K
  class space    used 4408K, capacity 4649K, committed 4736K, reserved 1048576K
Event: 9.515 GC heap after
Heap after GC invocations=9 (full 1):
 PSYoungGen      total 140288K, used 10751K [0x00000000d6300000, 0x00000000e2900000, 0x0000000100000000)
  eden space 129536K, 0% used [0x00000000d6300000,0x00000000d6300000,0x00000000de180000)
  from space 10752K, 99% used [0x00000000e1e80000,0x00000000e28ffe08,0x00000000e2900000)
  to   space 8704K, 0% used [0x00000000de180000,0x00000000de180000,0x00000000dea00000)
 ParOldGen       total 52736K, used 11222K [0x0000000082800000, 0x0000000085b80000, 0x00000000d6300000)
  object space 52736K, 21% used [0x0000000082800000,0x00000000832f5a68,0x0000000085b80000)
 Metaspace       used 34201K, capacity 35326K, committed 35416K, reserved 1079296K
  class space    used 4408K, capacity 4649K, committed 4736K, reserved 1048576K
}
Event: 9.515 GC heap before
{Heap before GC invocations=10 (full 2):
 PSYoungGen      total 140288K, used 10751K [0x00000000d6300000, 0x00000000e2900000, 0x0000000100000000)
  eden space 129536K, 0% used [0x00000000d6300000,0x00000000d6300000,0x00000000de180000)
  from space 10752K, 99% used [0x00000000e1e80000,0x00000000e28ffe08,0x00000000e2900000)
  to   space 8704K, 0% used [0x00000000de180000,0x00000000de180000,0x00000000dea00000)
 ParOldGen       total 52736K, used 11222K [0x0000000082800000, 0x0000000085b80000, 0x00000000d6300000)
  object space 52736K, 21% used [0x0000000082800000,0x00000000832f5a68,0x0000000085b80000)
 Metaspace       used 34201K, capacity 35326K, committed 35416K, reserved 1079296K
  class space    used 4408K, capacity 4649K, committed 4736K, reserved 1048576K
Event: 9.634 GC heap after
Heap after GC invocations=10 (full 2):
 PSYoungGen      total 140288K, used 0K [0x00000000d6300000, 0x00000000e2900000, 0x0000000100000000)
  eden space 129536K, 0% used [0x00000000d6300000,0x00000000d6300000,0x00000000de180000)
  from space 10752K, 0% used [0x00000000e1e80000,0x00000000e1e80000,0x00000000e2900000)
  to   space 8704K, 0% used [0x00000000de180000,0x00000000de180000,0x00000000dea00000)
 ParOldGen       total 52736K, used 17408K [0x0000000082800000, 0x0000000085b80000, 0x00000000d6300000)
  object space 52736K, 33% used [0x0000000082800000,0x0000000083900130,0x0000000085b80000)
 Metaspace       used 34201K, capacity 35326K, committed 35416K, reserved 1079296K
  class space    used 4408K, capacity 4649K, committed 4736K, reserved 1048576K
}

