# JRE version: Java(TM) SE Runtime Environment (8.0_40-b25) (build 1.8.0_40-b25)
# Java VM: Java HotSpot(TM) 64-Bit Server VM (25.40-b25 mixed mode windows-amd64 compressed oops)
Heap:
 PSYoungGen      total 133632K, used 54604K [0x00000000d6300000, 0x00000000df580000, 0x0000000100000000)
  eden space 122368K, 44% used [0x00000000d6300000,0x00000000d98533b0,0x00000000dda80000)
  from space 11264K, 0% used [0x00000000de580000,0x00000000de580000,0x00000000df080000)
  to   space 11264K, 0% used [0x00000000dda80000,0x00000000dda80000,0x00000000de580000)
 ParOldGen       total 82944K, used 15097K [0x0000000082800000, 0x0000000087900000, 0x00000000d6300000)
  object space 82944K, 18% used [0x0000000082800000,0x00000000836be5c8,0x0000000087900000)
 Metaspace       used 36104K, capacity 37340K, committed 37464K, reserved 1081344K
  class space    used 4636K, capacity 4898K, committed 4992K, reserved 1048576K
GC Heap History (10 events):
Event: 6.491 GC heap before
{Heap before GC invocations=8 (full 1):
 PSYoungGen      total 58880K, used 58384K [0x00000000d6300000, 0x00000000daf80000, 0x0000000100000000)
  eden space 54784K, 100% used [0x00000000d6300000,0x00000000d9880000,0x00000000d9880000)
  from space 4096K, 87% used [0x00000000dab80000,0x00000000daf04318,0x00000000daf80000)
  to   space 9216K, 0% used [0x00000000d9d80000,0x00000000d9d80000,0x00000000da680000)
 ParOldGen       total 53760K, used 7578K [0x0000000082800000, 0x0000000085c80000, 0x00000000d6300000)
  object space 53760K, 14% used [0x0000000082800000,0x0000000082f66b60,0x0000000085c80000)
 Metaspace       used 26931K, capacity 27784K, committed 28032K, reserved 1073152K
  class space    used 3433K, capacity 3644K, committed 3712K, reserved 1048576K
Event: 6.501 GC heap after
Heap after GC invocations=8 (full 1):
 PSYoungGen      total 69120K, used 5765K [0x00000000d6300000, 0x00000000dcb80000, 0x0000000100000000)
  eden space 59904K, 0% used [0x00000000d6300000,0x00000000d6300000,0x00000000d9d80000)
  from space 9216K, 62% used [0x00000000d9d80000,0x00000000da321598,0x00000000da680000)
  to   space 8704K, 0% used [0x00000000dc300000,0x00000000dc300000,0x00000000dcb80000)
 ParOldGen       total 53760K, used 7586K [0x0000000082800000, 0x0000000085c80000, 0x00000000d6300000)
  object space 53760K, 14% used [0x0000000082800000,0x0000000082f68b60,0x0000000085c80000)
 Metaspace       used 26931K, capacity 27784K, committed 28032K, reserved 1073152K
  class space    used 3433K, capacity 3644K, committed 3712K, reserved 1048576K
}
Event: 7.326 GC heap before
{Heap before GC invocations=9 (full 1):
 PSYoungGen      total 69120K, used 65669K [0x00000000d6300000, 0x00000000dcb80000, 0x0000000100000000)
  eden space 59904K, 100% used [0x00000000d6300000,0x00000000d9d80000,0x00000000d9d80000)
  from space 9216K, 62% used [0x00000000d9d80000,0x00000000da321598,0x00000000da680000)
  to   space 8704K, 0% used [0x00000000dc300000,0x00000000dc300000,0x00000000dcb80000)
 ParOldGen       total 53760K, used 7586K [0x0000000082800000, 0x0000000085c80000, 0x00000000d6300000)
  object space 53760K, 14% used [0x0000000082800000,0x0000000082f68b60,0x0000000085c80000)
 Metaspace       used 28693K, capacity 29672K, committed 29824K, reserved 1075200K
  class space    used 3658K, capacity 3892K, committed 3968K, reserved 1048576K
Event: 7.341 GC heap after
Heap after GC invocations=9 (full 1):
 PSYoungGen      total 97792K, used 7668K [0x00000000d6300000, 0x00000000dd480000, 0x0000000100000000)
  eden space 89088K, 0% used [0x00000000d6300000,0x00000000d6300000,0x00000000dba00000)
  from space 8704K, 88% used [0x00000000dc300000,0x00000000dca7d2f0,0x00000000dcb80000)
  to   space 9216K, 0% used [0x00000000dba00000,0x00000000dba00000,0x00000000dc300000)
 ParOldGen       total 53760K, used 7594K [0x0000000082800000, 0x0000000085c80000, 0x00000000d6300000)
  object space 53760K, 14% used [0x0000000082800000,0x0000000082f6ab60,0x0000000085c80000)
 Metaspace       used 28693K, capacity 29672K, committed 29824K, reserved 1075200K
  class space    used 3658K, capacity 3892K, committed 3968K, reserved 1048576K
}
Event: 8.957 GC heap before
{Heap before GC invocations=10 (full 1):
 PSYoungGen      total 97792K, used 96756K [0x00000000d6300000, 0x00000000dd480000, 0x0000000100000000)
  eden space 89088K, 100% used [0x00000000d6300000,0x00000000dba00000,0x00000000dba00000)
  from space 8704K, 88% used [0x00000000dc300000,0x00000000dca7d2f0,0x00000000dcb80000)
  to   space 9216K, 0% used [0x00000000dba00000,0x00000000dba00000,0x00000000dc300000)
 ParOldGen       total 53760K, used 7594K [0x0000000082800000, 0x0000000085c80000, 0x00000000d6300000)
  object space 53760K, 14% used [0x0000000082800000,0x0000000082f6ab60,0x0000000085c80000)
 Metaspace       used 33356K, capacity 34472K, committed 34560K, reserved 1079296K
  class space    used 4284K, capacity 4524K, committed 4608K, reserved 1048576K
Event: 8.978 GC heap after
Heap after GC invocations=10 (full 1):
 PSYoungGen      total 98304K, used 9200K [0x00000000d6300000, 0x00000000df080000, 0x0000000100000000)
  eden space 89088K, 0% used [0x00000000d6300000,0x00000000d6300000,0x00000000dba00000)
  from space 9216K, 99% used [0x00000000dba00000,0x00000000dc2fc138,0x00000000dc300000)
  to   space 11264K, 0% used [0x00000000de580000,0x00000000de580000,0x00000000df080000)
 ParOldGen       total 53760K, used 10104K [0x0000000082800000, 0x0000000085c80000, 0x00000000d6300000)
  object space 53760K, 18% used [0x0000000082800000,0x00000000831de050,0x0000000085c80000)
 Metaspace       used 33356K, capacity 34472K, committed 34560K, reserved 1079296K
  class space    used 4284K, capacity 4524K, committed 4608K, reserved 1048576K
}
Event: 9.669 GC heap before
{Heap before GC invocations=11 (full 1):
 PSYoungGen      total 98304K, used 41909K [0x00000000d6300000, 0x00000000df080000, 0x0000000100000000)
  eden space 89088K, 36% used [0x00000000d6300000,0x00000000d82f1320,0x00000000dba00000)
  from space 9216K, 99% used [0x00000000dba00000,0x00000000dc2fc138,0x00000000dc300000)
  to   space 11264K, 0% used [0x00000000de580000,0x00000000de580000,0x00000000df080000)
 ParOldGen       total 53760K, used 10104K [0x0000000082800000, 0x0000000085c80000, 0x00000000d6300000)
  object space 53760K, 18% used [0x0000000082800000,0x00000000831de050,0x0000000085c80000)
 Metaspace       used 34204K, capacity 35318K, committed 35416K, reserved 1079296K
  class space    used 4408K, capacity 4649K, committed 4736K, reserved 1048576K
Event: 9.705 GC heap after
Heap after GC invocations=11 (full 1):
 PSYoungGen      total 133632K, used 5009K [0x00000000d6300000, 0x00000000df580000, 0x0000000100000000)
  eden space 122368K, 0% used [0x00000000d6300000,0x00000000d6300000,0x00000000dda80000)
  from space 11264K, 44% used [0x00000000de580000,0x00000000dea64780,0x00000000df080000)
  to   space 11264K, 0% used [0x00000000dda80000,0x00000000dda80000,0x00000000de580000)
 ParOldGen       total 53760K, used 14501K [0x0000000082800000, 0x0000000085c80000, 0x00000000d6300000)
  object space 53760K, 26% used [0x0000000082800000,0x0000000083629448,0x0000000085c80000)
 Metaspace       used 34204K, capacity 35318K, committed 35416K, reserved 1079296K
  class space    used 4408K, capacity 4649K, committed 4736K, reserved 1048576K
}
Event: 9.705 GC heap before
{Heap before GC invocations=12 (full 2):
 PSYoungGen      total 133632K, used 5009K [0x00000000d6300000, 0x00000000df580000, 0x0000000100000000)
  eden space 122368K, 0% used [0x00000000d6300000,0x00000000d6300000,0x00000000dda80000)
  from space 11264K, 44% used [0x00000000de580000,0x00000000dea64780,0x00000000df080000)
  to   space 11264K, 0% used [0x00000000dda80000,0x00000000dda80000,0x00000000de580000)
 ParOldGen       total 53760K, used 14501K [0x0000000082800000, 0x0000000085c80000, 0x00000000d6300000)
  object space 53760K, 26% used [0x0000000082800000,0x0000000083629448,0x0000000085c80000)
 Metaspace       used 34204K, capacity 35318K, committed 35416K, reserved 1079296K
  class space    used 4408K, capacity 4649K, committed 4736K, reserved 1048576K
Event: 9.856 GC heap after
Heap after GC invocations=12 (full 2):
 PSYoungGen      total 133632K, used 0K [0x00000000d6300000, 0x00000000df580000, 0x0000000100000000)
  eden space 122368K, 0% used [0x00000000d6300000,0x00000000d6300000,0x00000000dda80000)
  from space 11264K, 0% used [0x00000000de580000,0x00000000de580000,0x00000000df080000)
  to   space 11264K, 0% used [0x00000000dda80000,0x00000000dda80000,0x00000000de580000)
 ParOldGen       total 82944K, used 15097K [0x0000000082800000, 0x0000000087900000, 0x00000000d6300000)
  object space 82944K, 18% used [0x0000000082800000,0x00000000836be5c8,0x0000000087900000)
 Metaspace       used 34204K, capacity 35318K, committed 35416K, reserved 1079296K
  class space    used 4408K, capacity 4649K, committed 4736K, reserved 1048576K
}

