# JRE version: Java(TM) SE Runtime Environment (8.0_40-b25) (build 1.8.0_40-b25)
# Java VM: Java HotSpot(TM) 64-Bit Server VM (25.40-b25 mixed mode windows-amd64 compressed oops)
Heap:
 PSYoungGen      total 60928K, used 12066K [0x00000000d6300000, 0x00000000daf80000, 0x0000000100000000)
  eden space 56832K, 14% used [0x00000000d6300000,0x00000000d6b3ec98,0x00000000d9a80000)
  from space 4096K, 88% used [0x00000000dab80000,0x00000000daf09d78,0x00000000daf80000)
  to   space 9216K, 0% used [0x00000000d9d80000,0x00000000d9d80000,0x00000000da680000)
 ParOldGen       total 53760K, used 7498K [0x0000000082800000, 0x0000000085c80000, 0x00000000d6300000)
  object space 53760K, 13% used [0x0000000082800000,0x0000000082f529e8,0x0000000085c80000)
 Metaspace       used 24220K, capacity 24990K, committed 25088K, reserved 1071104K
  class space    used 3132K, capacity 3317K, committed 3328K, reserved 1048576K
GC Heap History (10 events):
Event: 5.321 GC heap before
{Heap before GC invocations=3 (full 0):
 PSYoungGen      total 37888K, used 37676K [0x00000000d6300000, 0x00000000d8d00000, 0x0000000100000000)
  eden space 32768K, 100% used [0x00000000d6300000,0x00000000d8300000,0x00000000d8300000)
  from space 5120K, 95% used [0x00000000d8800000,0x00000000d8ccb200,0x00000000d8d00000)
  to   space 5120K, 0% used [0x00000000d8300000,0x00000000d8300000,0x00000000d8800000)
 ParOldGen       total 86016K, used 24K [0x0000000082800000, 0x0000000087c00000, 0x00000000d6300000)
  object space 86016K, 0% used [0x0000000082800000,0x0000000082806000,0x0000000087c00000)
 Metaspace       used 15427K, capacity 15918K, committed 16256K, reserved 1062912K
  class space    used 1933K, capacity 2069K, committed 2176K, reserved 1048576K
Event: 5.330 GC heap after
Heap after GC invocations=3 (full 0):
 PSYoungGen      total 37888K, used 5117K [0x00000000d6300000, 0x00000000d8d00000, 0x0000000100000000)
  eden space 32768K, 0% used [0x00000000d6300000,0x00000000d6300000,0x00000000d8300000)
  from space 5120K, 99% used [0x00000000d8300000,0x00000000d87ff610,0x00000000d8800000)
  to   space 5120K, 0% used [0x00000000d8800000,0x00000000d8800000,0x00000000d8d00000)
 ParOldGen       total 86016K, used 981K [0x0000000082800000, 0x0000000087c00000, 0x00000000d6300000)
  object space 86016K, 1% used [0x0000000082800000,0x00000000828f57a0,0x0000000087c00000)
 Metaspace       used 15427K, capacity 15918K, committed 16256K, reserved 1062912K
  class space    used 1933K, capacity 2069K, committed 2176K, reserved 1048576K
}
Event: 5.662 GC heap before
{Heap before GC invocations=4 (full 0):
 PSYoungGen      total 37888K, used 37885K [0x00000000d6300000, 0x00000000d8d00000, 0x0000000100000000)
  eden space 32768K, 100% used [0x00000000d6300000,0x00000000d8300000,0x00000000d8300000)
  from space 5120K, 99% used [0x00000000d8300000,0x00000000d87ff610,0x00000000d8800000)
  to   space 5120K, 0% used [0x00000000d8800000,0x00000000d8800000,0x00000000d8d00000)
 ParOldGen       total 86016K, used 1055K [0x0000000082800000, 0x0000000087c00000, 0x00000000d6300000)
  object space 86016K, 1% used [0x0000000082800000,0x0000000082907f20,0x0000000087c00000)
 Metaspace       used 17938K, capacity 18440K, committed 18688K, reserved 1064960K
  class space    used 2348K, capacity 2484K, committed 2560K, reserved 1048576K
Event: 5.671 GC heap after
Heap after GC invocations=4 (full 0):
 PSYoungGen      total 37888K, used 5095K [0x00000000d6300000, 0x00000000d8d00000, 0x0000000100000000)
  eden space 32768K, 0% used [0x00000000d6300000,0x00000000d6300000,0x00000000d8300000)
  from space 5120K, 99% used [0x00000000d8800000,0x00000000d8cf9ec8,0x00000000d8d00000)
  to   space 5120K, 0% used [0x00000000d8300000,0x00000000d8300000,0x00000000d8800000)
 ParOldGen       total 86016K, used 3166K [0x0000000082800000, 0x0000000087c00000, 0x00000000d6300000)
  object space 86016K, 3% used [0x0000000082800000,0x0000000082b17bf0,0x0000000087c00000)
 Metaspace       used 17938K, capacity 18440K, committed 18688K, reserved 1064960K
  class space    used 2348K, capacity 2484K, committed 2560K, reserved 1048576K
}
Event: 6.015 GC heap before
{Heap before GC invocations=5 (full 0):
 PSYoungGen      total 37888K, used 28774K [0x00000000d6300000, 0x00000000d8d00000, 0x0000000100000000)
  eden space 32768K, 72% used [0x00000000d6300000,0x00000000d7a1fa90,0x00000000d8300000)
  from space 5120K, 99% used [0x00000000d8800000,0x00000000d8cf9ec8,0x00000000d8d00000)
  to   space 5120K, 0% used [0x00000000d8300000,0x00000000d8300000,0x00000000d8800000)
 ParOldGen       total 86016K, used 3166K [0x0000000082800000, 0x0000000087c00000, 0x00000000d6300000)
  object space 86016K, 3% used [0x0000000082800000,0x0000000082b17bf0,0x0000000087c00000)
 Metaspace       used 20657K, capacity 21172K, committed 21248K, reserved 1067008K
  class space    used 2655K, capacity 2796K, committed 2816K, reserved 1048576K
Event: 6.026 GC heap after
Heap after GC invocations=5 (full 0):
 PSYoungGen      total 37888K, used 5111K [0x00000000d6300000, 0x00000000db400000, 0x0000000100000000)
  eden space 32768K, 0% used [0x00000000d6300000,0x00000000d6300000,0x00000000d8300000)
  from space 5120K, 99% used [0x00000000d8300000,0x00000000d87fded8,0x00000000d8800000)
  to   space 8704K, 0% used [0x00000000dab80000,0x00000000dab80000,0x00000000db400000)
 ParOldGen       total 86016K, used 5593K [0x0000000082800000, 0x0000000087c00000, 0x00000000d6300000)
  object space 86016K, 6% used [0x0000000082800000,0x0000000082d766f8,0x0000000087c00000)
 Metaspace       used 20657K, capacity 21172K, committed 21248K, reserved 1067008K
  class space    used 2655K, capacity 2796K, committed 2816K, reserved 1048576K
}
Event: 6.026 GC heap before
{Heap before GC invocations=6 (full 1):
 PSYoungGen      total 37888K, used 5111K [0x00000000d6300000, 0x00000000db400000, 0x0000000100000000)
  eden space 32768K, 0% used [0x00000000d6300000,0x00000000d6300000,0x00000000d8300000)
  from space 5120K, 99% used [0x00000000d8300000,0x00000000d87fded8,0x00000000d8800000)
  to   space 8704K, 0% used [0x00000000dab80000,0x00000000dab80000,0x00000000db400000)
 ParOldGen       total 86016K, used 5593K [0x0000000082800000, 0x0000000087c00000, 0x00000000d6300000)
  object space 86016K, 6% used [0x0000000082800000,0x0000000082d766f8,0x0000000087c00000)
 Metaspace       used 20657K, capacity 21172K, committed 21248K, reserved 1067008K
  class space    used 2655K, capacity 2796K, committed 2816K, reserved 1048576K
Event: 6.064 GC heap after
Heap after GC invocations=6 (full 1):
 PSYoungGen      total 37888K, used 0K [0x00000000d6300000, 0x00000000db400000, 0x0000000100000000)
  eden space 32768K, 0% used [0x00000000d6300000,0x00000000d6300000,0x00000000d8300000)
  from space 5120K, 0% used [0x00000000d8300000,0x00000000d8300000,0x00000000d8800000)
  to   space 8704K, 0% used [0x00000000dab80000,0x00000000dab80000,0x00000000db400000)
 ParOldGen       total 53760K, used 7491K [0x0000000082800000, 0x0000000085c80000, 0x00000000d6300000)
  object space 53760K, 13% used [0x0000000082800000,0x0000000082f50ea0,0x0000000085c80000)
 Metaspace       used 20657K, capacity 21172K, committed 21248K, reserved 1067008K
  class space    used 2655K, capacity 2796K, committed 2816K, reserved 1048576K
}
Event: 6.431 GC heap before
{Heap before GC invocations=7 (full 1):
 PSYoungGen      total 37888K, used 32768K [0x00000000d6300000, 0x00000000db400000, 0x0000000100000000)
  eden space 32768K, 100% used [0x00000000d6300000,0x00000000d8300000,0x00000000d8300000)
  from space 5120K, 0% used [0x00000000d8300000,0x00000000d8300000,0x00000000d8800000)
  to   space 8704K, 0% used [0x00000000dab80000,0x00000000dab80000,0x00000000db400000)
 ParOldGen       total 53760K, used 7498K [0x0000000082800000, 0x0000000085c80000, 0x00000000d6300000)
  object space 53760K, 13% used [0x0000000082800000,0x0000000082f529e8,0x0000000085c80000)
 Metaspace       used 23785K, capacity 24536K, committed 24832K, reserved 1071104K
  class space    used 3091K, capacity 3268K, committed 3328K, reserved 1048576K
Event: 6.441 GC heap after
Heap after GC invocations=7 (full 1):
 PSYoungGen      total 60928K, used 3623K [0x00000000d6300000, 0x00000000daf80000, 0x0000000100000000)
  eden space 56832K, 0% used [0x00000000d6300000,0x00000000d6300000,0x00000000d9a80000)
  from space 4096K, 88% used [0x00000000dab80000,0x00000000daf09d78,0x00000000daf80000)
  to   space 9216K, 0% used [0x00000000d9d80000,0x00000000d9d80000,0x00000000da680000)
 ParOldGen       total 53760K, used 7498K [0x0000000082800000, 0x0000000085c80000, 0x00000000d6300000)
  object space 53760K, 13% used [0x0000000082800000,0x0000000082f529e8,0x0000000085c80000)
 Metaspace       used 23785K, capacity 24536K, committed 24832K, reserved 1071104K
  class space    used 3091K, capacity 3268K, committed 3328K, reserved 1048576K
}

