# JRE version: Java(TM) SE Runtime Environment (8.0_40-b25) (build 1.8.0_40-b25)
# Java VM: Java HotSpot(TM) 64-Bit Server VM (25.40-b25 mixed mode windows-amd64 compressed oops)
Heap:
 PSYoungGen      total 138240K, used 50075K [0x00000000d6300000, 0x00000000e2180000, 0x0000000100000000)
  eden space 129536K, 31% used [0x00000000d6300000,0x00000000d8b68e00,0x00000000de180000)
  from space 8704K, 99% used [0x00000000de180000,0x00000000de9fe198,0x00000000dea00000)
  to   space 12800K, 0% used [0x00000000e1500000,0x00000000e1500000,0x00000000e2180000)
 ParOldGen       total 52736K, used 17493K [0x0000000082800000, 0x0000000085b80000, 0x00000000d6300000)
  object space 52736K, 33% used [0x0000000082800000,0x00000000839157d8,0x0000000085b80000)
 Metaspace       used 44030K, capacity 45460K, committed 45656K, reserved 1089536K
  class space    used 5681K, capacity 5970K, committed 6016K, reserved 1048576K
GC Heap History (10 events):
Event: 7.098 GC heap before
{Heap before GC invocations=7 (full 1):
 PSYoungGen      total 70656K, used 65536K [0x00000000d6300000, 0x00000000df400000, 0x0000000100000000)
  eden space 65536K, 100% used [0x00000000d6300000,0x00000000da300000,0x00000000da300000)
  from space 5120K, 0% used [0x00000000da300000,0x00000000da300000,0x00000000da800000)
  to   space 8704K, 0% used [0x00000000deb80000,0x00000000deb80000,0x00000000df400000)
 ParOldGen       total 52736K, used 7558K [0x0000000082800000, 0x0000000085b80000, 0x00000000d6300000)
  object space 52736K, 14% used [0x0000000082800000,0x0000000082f61820,0x0000000085b80000)
 Metaspace       used 26165K, capacity 26954K, committed 27136K, reserved 1073152K
  class space    used 3344K, capacity 3561K, committed 3584K, reserved 1048576K
Event: 7.109 GC heap after
Heap after GC invocations=7 (full 1):
 PSYoungGen      total 118272K, used 6747K [0x00000000d6300000, 0x00000000df280000, 0x0000000100000000)
  eden space 111104K, 0% used [0x00000000d6300000,0x00000000d6300000,0x00000000dcf80000)
  from space 7168K, 94% used [0x00000000deb80000,0x00000000df216c98,0x00000000df280000)
  to   space 8704K, 0% used [0x00000000de180000,0x00000000de180000,0x00000000dea00000)
 ParOldGen       total 52736K, used 7558K [0x0000000082800000, 0x0000000085b80000, 0x00000000d6300000)
  object space 52736K, 14% used [0x0000000082800000,0x0000000082f61820,0x0000000085b80000)
 Metaspace       used 26165K, capacity 26954K, committed 27136K, reserved 1073152K
  class space    used 3344K, capacity 3561K, committed 3584K, reserved 1048576K
}
Event: 8.725 GC heap before
{Heap before GC invocations=8 (full 1):
 PSYoungGen      total 118272K, used 117851K [0x00000000d6300000, 0x00000000df280000, 0x0000000100000000)
  eden space 111104K, 100% used [0x00000000d6300000,0x00000000dcf80000,0x00000000dcf80000)
  from space 7168K, 94% used [0x00000000deb80000,0x00000000df216c98,0x00000000df280000)
  to   space 8704K, 0% used [0x00000000de180000,0x00000000de180000,0x00000000dea00000)
 ParOldGen       total 52736K, used 7558K [0x0000000082800000, 0x0000000085b80000, 0x00000000d6300000)
  object space 52736K, 14% used [0x0000000082800000,0x0000000082f61820,0x0000000085b80000)
 Metaspace       used 29995K, capacity 31050K, committed 31360K, reserved 1077248K
  class space    used 3884K, capacity 4125K, committed 4224K, reserved 1048576K
Event: 8.738 GC heap after
Heap after GC invocations=8 (full 1):
 PSYoungGen      total 138240K, used 8701K [0x00000000d6300000, 0x00000000e2b80000, 0x0000000100000000)
  eden space 129536K, 0% used [0x00000000d6300000,0x00000000d6300000,0x00000000de180000)
  from space 8704K, 99% used [0x00000000de180000,0x00000000de9ff578,0x00000000dea00000)
  to   space 10752K, 0% used [0x00000000e2100000,0x00000000e2100000,0x00000000e2b80000)
 ParOldGen       total 52736K, used 9305K [0x0000000082800000, 0x0000000085b80000, 0x00000000d6300000)
  object space 52736K, 17% used [0x0000000082800000,0x0000000083116540,0x0000000085b80000)
 Metaspace       used 29995K, capacity 31050K, committed 31360K, reserved 1077248K
  class space    used 3884K, capacity 4125K, committed 4224K, reserved 1048576K
}
Event: 10.335 GC heap before
{Heap before GC invocations=9 (full 1):
 PSYoungGen      total 138240K, used 102884K [0x00000000d6300000, 0x00000000e2b80000, 0x0000000100000000)
  eden space 129536K, 72% used [0x00000000d6300000,0x00000000dbef9a98,0x00000000de180000)
  from space 8704K, 99% used [0x00000000de180000,0x00000000de9ff578,0x00000000dea00000)
  to   space 10752K, 0% used [0x00000000e2100000,0x00000000e2100000,0x00000000e2b80000)
 ParOldGen       total 52736K, used 9305K [0x0000000082800000, 0x0000000085b80000, 0x00000000d6300000)
  object space 52736K, 17% used [0x0000000082800000,0x0000000083116540,0x0000000085b80000)
 Metaspace       used 34183K, capacity 35326K, committed 35416K, reserved 1079296K
  class space    used 4407K, capacity 4651K, committed 4736K, reserved 1048576K
Event: 10.349 GC heap after
Heap after GC invocations=9 (full 1):
 PSYoungGen      total 140288K, used 10728K [0x00000000d6300000, 0x00000000e2b80000, 0x0000000100000000)
  eden space 129536K, 0% used [0x00000000d6300000,0x00000000d6300000,0x00000000de180000)
  from space 10752K, 99% used [0x00000000e2100000,0x00000000e2b7a080,0x00000000e2b80000)
  to   space 8704K, 0% used [0x00000000de180000,0x00000000de180000,0x00000000dea00000)
 ParOldGen       total 52736K, used 11179K [0x0000000082800000, 0x0000000085b80000, 0x00000000d6300000)
  object space 52736K, 21% used [0x0000000082800000,0x00000000832eafd8,0x0000000085b80000)
 Metaspace       used 34183K, capacity 35326K, committed 35416K, reserved 1079296K
  class space    used 4407K, capacity 4651K, committed 4736K, reserved 1048576K
}
Event: 10.349 GC heap before
{Heap before GC invocations=10 (full 2):
 PSYoungGen      total 140288K, used 10728K [0x00000000d6300000, 0x00000000e2b80000, 0x0000000100000000)
  eden space 129536K, 0% used [0x00000000d6300000,0x00000000d6300000,0x00000000de180000)
  from space 10752K, 99% used [0x00000000e2100000,0x00000000e2b7a080,0x00000000e2b80000)
  to   space 8704K, 0% used [0x00000000de180000,0x00000000de180000,0x00000000dea00000)
 ParOldGen       total 52736K, used 11179K [0x0000000082800000, 0x0000000085b80000, 0x00000000d6300000)
  object space 52736K, 21% used [0x0000000082800000,0x00000000832eafd8,0x0000000085b80000)
 Metaspace       used 34183K, capacity 35326K, committed 35416K, reserved 1079296K
  class space    used 4407K, capacity 4651K, committed 4736K, reserved 1048576K
Event: 10.499 GC heap after
Heap after GC invocations=10 (full 2):
 PSYoungGen      total 140288K, used 0K [0x00000000d6300000, 0x00000000e2b80000, 0x0000000100000000)
  eden space 129536K, 0% used [0x00000000d6300000,0x00000000d6300000,0x00000000de180000)
  from space 10752K, 0% used [0x00000000e2100000,0x00000000e2100000,0x00000000e2b80000)
  to   space 8704K, 0% used [0x00000000de180000,0x00000000de180000,0x00000000dea00000)
 ParOldGen       total 52736K, used 17383K [0x0000000082800000, 0x0000000085b80000, 0x00000000d6300000)
  object space 52736K, 32% used [0x0000000082800000,0x00000000838f9f68,0x0000000085b80000)
 Metaspace       used 34183K, capacity 35326K, committed 35416K, reserved 1079296K
  class space    used 4407K, capacity 4651K, committed 4736K, reserved 1048576K
}
Event: 13.088 GC heap before
{Heap before GC invocations=11 (full 2):
 PSYoungGen      total 140288K, used 129536K [0x00000000d6300000, 0x00000000e2b80000, 0x0000000100000000)
  eden space 129536K, 100% used [0x00000000d6300000,0x00000000de180000,0x00000000de180000)
  from space 10752K, 0% used [0x00000000e2100000,0x00000000e2100000,0x00000000e2b80000)
  to   space 8704K, 0% used [0x00000000de180000,0x00000000de180000,0x00000000dea00000)
 ParOldGen       total 52736K, used 17383K [0x0000000082800000, 0x0000000085b80000, 0x00000000d6300000)
  object space 52736K, 32% used [0x0000000082800000,0x00000000838f9f68,0x0000000085b80000)
 Metaspace       used 41081K, capacity 42384K, committed 42712K, reserved 1087488K
  class space    used 5306K, capacity 5566K, committed 5632K, reserved 1048576K
Event: 13.102 GC heap after
Heap after GC invocations=11 (full 2):
 PSYoungGen      total 138240K, used 8696K [0x00000000d6300000, 0x00000000e2180000, 0x0000000100000000)
  eden space 129536K, 0% used [0x00000000d6300000,0x00000000d6300000,0x00000000de180000)
  from space 8704K, 99% used [0x00000000de180000,0x00000000de9fe198,0x00000000dea00000)
  to   space 12800K, 0% used [0x00000000e1500000,0x00000000e1500000,0x00000000e2180000)
 ParOldGen       total 52736K, used 17493K [0x0000000082800000, 0x0000000085b80000, 0x00000000d6300000)
  object space 52736K, 33% used [0x0000000082800000,0x00000000839157d8,0x0000000085b80000)
 Metaspace       used 41081K, capacity 42384K, committed 42712K, reserved 1087488K
  class space    used 5306K, capacity 5566K, committed 5632K, reserved 1048576K
}

