# JRE version: Java(TM) SE Runtime Environment (8.0_40-b25) (build 1.8.0_40-b25)
# Java VM: Java HotSpot(TM) 64-Bit Server VM (25.40-b25 mixed mode windows-amd64 compressed oops)
Heap:
 PSYoungGen      total 146944K, used 78362K [0x00000000d6300000, 0x00000000dff00000, 0x0000000100000000)
  eden space 138240K, 56% used [0x00000000d6300000,0x00000000daf86880,0x00000000dea00000)
  from space 8704K, 0% used [0x00000000df680000,0x00000000df680000,0x00000000dff00000)
  to   space 10752K, 0% used [0x00000000dea00000,0x00000000dea00000,0x00000000df480000)
 ParOldGen       total 70656K, used 15677K [0x0000000082800000, 0x0000000086d00000, 0x00000000d6300000)
  object space 70656K, 22% used [0x0000000082800000,0x000000008374f538,0x0000000086d00000)
 Metaspace       used 38989K, capacity 40254K, committed 40536K, reserved 1087488K
  class space    used 4956K, capacity 5197K, committed 5248K, reserved 1048576K
GC Heap History (10 events):
Event: 5.623 GC heap before
{Heap before GC invocations=9 (full 2):
 PSYoungGen      total 61440K, used 54775K [0x00000000d6300000, 0x00000000db980000, 0x0000000100000000)
  eden space 54784K, 99% used [0x00000000d6300000,0x00000000d987dd40,0x00000000d9880000)
  from space 6656K, 0% used [0x00000000d9f00000,0x00000000d9f00000,0x00000000da580000)
  to   space 6656K, 0% used [0x00000000d9880000,0x00000000d9880000,0x00000000d9f00000)
 ParOldGen       total 70656K, used 5332K [0x0000000082800000, 0x0000000086d00000, 0x00000000d6300000)
  object space 70656K, 7% used [0x0000000082800000,0x0000000082d35108,0x0000000086d00000)
 Metaspace       used 25600K, capacity 26370K, committed 26624K, reserved 1075200K
  class space    used 3294K, capacity 3489K, committed 3584K, reserved 1048576K
Event: 5.631 GC heap after
Heap after GC invocations=9 (full 2):
 PSYoungGen      total 61440K, used 6114K [0x00000000d6300000, 0x00000000dd200000, 0x0000000100000000)
  eden space 54784K, 0% used [0x00000000d6300000,0x00000000d6300000,0x00000000d9880000)
  from space 6656K, 91% used [0x00000000d9880000,0x00000000d9e78950,0x00000000d9f00000)
  to   space 7168K, 0% used [0x00000000dcb00000,0x00000000dcb00000,0x00000000dd200000)
 ParOldGen       total 70656K, used 5340K [0x0000000082800000, 0x0000000086d00000, 0x00000000d6300000)
  object space 70656K, 7% used [0x0000000082800000,0x0000000082d37108,0x0000000086d00000)
 Metaspace       used 25600K, capacity 26370K, committed 26624K, reserved 1075200K
  class space    used 3294K, capacity 3489K, committed 3584K, reserved 1048576K
}
Event: 6.239 GC heap before
{Heap before GC invocations=10 (full 2):
 PSYoungGen      total 61440K, used 60898K [0x00000000d6300000, 0x00000000dd200000, 0x0000000100000000)
  eden space 54784K, 100% used [0x00000000d6300000,0x00000000d9880000,0x00000000d9880000)
  from space 6656K, 91% used [0x00000000d9880000,0x00000000d9e78950,0x00000000d9f00000)
  to   space 7168K, 0% used [0x00000000dcb00000,0x00000000dcb00000,0x00000000dd200000)
 ParOldGen       total 70656K, used 5340K [0x0000000082800000, 0x0000000086d00000, 0x00000000d6300000)
  object space 70656K, 7% used [0x0000000082800000,0x0000000082d37108,0x0000000086d00000)
 Metaspace       used 27528K, capacity 28410K, committed 28672K, reserved 1075200K
  class space    used 3498K, capacity 3715K, committed 3840K, reserved 1048576K
Event: 6.255 GC heap after
Heap after GC invocations=10 (full 2):
 PSYoungGen      total 104960K, used 6593K [0x00000000d6300000, 0x00000000dd280000, 0x0000000100000000)
  eden space 97792K, 0% used [0x00000000d6300000,0x00000000d6300000,0x00000000dc280000)
  from space 7168K, 91% used [0x00000000dcb00000,0x00000000dd170570,0x00000000dd200000)
  to   space 8192K, 0% used [0x00000000dc280000,0x00000000dc280000,0x00000000dca80000)
 ParOldGen       total 70656K, used 5340K [0x0000000082800000, 0x0000000086d00000, 0x00000000d6300000)
  object space 70656K, 7% used [0x0000000082800000,0x0000000082d37108,0x0000000086d00000)
 Metaspace       used 27528K, capacity 28410K, committed 28672K, reserved 1075200K
  class space    used 3498K, capacity 3715K, committed 3840K, reserved 1048576K
}
Event: 7.845 GC heap before
{Heap before GC invocations=11 (full 2):
 PSYoungGen      total 104960K, used 104385K [0x00000000d6300000, 0x00000000dd280000, 0x0000000100000000)
  eden space 97792K, 100% used [0x00000000d6300000,0x00000000dc280000,0x00000000dc280000)
  from space 7168K, 91% used [0x00000000dcb00000,0x00000000dd170570,0x00000000dd200000)
  to   space 8192K, 0% used [0x00000000dc280000,0x00000000dc280000,0x00000000dca80000)
 ParOldGen       total 70656K, used 5340K [0x0000000082800000, 0x0000000086d00000, 0x00000000d6300000)
  object space 70656K, 7% used [0x0000000082800000,0x0000000082d37108,0x0000000086d00000)
 Metaspace       used 31540K, capacity 32538K, committed 32768K, reserved 1079296K
  class space    used 4097K, capacity 4329K, committed 4352K, reserved 1048576K
Event: 7.860 GC heap after
Heap after GC invocations=11 (full 2):
 PSYoungGen      total 105984K, used 8163K [0x00000000d6300000, 0x00000000e0080000, 0x0000000100000000)
  eden space 97792K, 0% used [0x00000000d6300000,0x00000000d6300000,0x00000000dc280000)
  from space 8192K, 99% used [0x00000000dc280000,0x00000000dca78d50,0x00000000dca80000)
  to   space 10240K, 0% used [0x00000000df680000,0x00000000df680000,0x00000000e0080000)
 ParOldGen       total 70656K, used 8597K [0x0000000082800000, 0x0000000086d00000, 0x00000000d6300000)
  object space 70656K, 12% used [0x0000000082800000,0x0000000083065630,0x0000000086d00000)
 Metaspace       used 31540K, capacity 32538K, committed 32768K, reserved 1079296K
  class space    used 4097K, capacity 4329K, committed 4352K, reserved 1048576K
}
Event: 9.280 GC heap before
{Heap before GC invocations=12 (full 2):
 PSYoungGen      total 105984K, used 69793K [0x00000000d6300000, 0x00000000e0080000, 0x0000000100000000)
  eden space 97792K, 63% used [0x00000000d6300000,0x00000000d9f2f6f8,0x00000000dc280000)
  from space 8192K, 99% used [0x00000000dc280000,0x00000000dca78d50,0x00000000dca80000)
  to   space 10240K, 0% used [0x00000000df680000,0x00000000df680000,0x00000000e0080000)
 ParOldGen       total 70656K, used 8597K [0x0000000082800000, 0x0000000086d00000, 0x00000000d6300000)
  object space 70656K, 12% used [0x0000000082800000,0x0000000083065630,0x0000000086d00000)
 Metaspace       used 34190K, capacity 35326K, committed 35416K, reserved 1081344K
  class space    used 4408K, capacity 4649K, committed 4736K, reserved 1048576K
Event: 9.294 GC heap after
Heap after GC invocations=12 (full 2):
 PSYoungGen      total 146944K, used 7032K [0x00000000d6300000, 0x00000000dff00000, 0x0000000100000000)
  eden space 138240K, 0% used [0x00000000d6300000,0x00000000d6300000,0x00000000dea00000)
  from space 8704K, 80% used [0x00000000df680000,0x00000000dfd5e128,0x00000000dff00000)
  to   space 10752K, 0% used [0x00000000dea00000,0x00000000dea00000,0x00000000df480000)
 ParOldGen       total 70656K, used 12418K [0x0000000082800000, 0x0000000086d00000, 0x00000000d6300000)
  object space 70656K, 17% used [0x0000000082800000,0x0000000083420a68,0x0000000086d00000)
 Metaspace       used 34190K, capacity 35326K, committed 35416K, reserved 1081344K
  class space    used 4408K, capacity 4649K, committed 4736K, reserved 1048576K
}
Event: 9.294 GC heap before
{Heap before GC invocations=13 (full 3):
 PSYoungGen      total 146944K, used 7032K [0x00000000d6300000, 0x00000000dff00000, 0x0000000100000000)
  eden space 138240K, 0% used [0x00000000d6300000,0x00000000d6300000,0x00000000dea00000)
  from space 8704K, 80% used [0x00000000df680000,0x00000000dfd5e128,0x00000000dff00000)
  to   space 10752K, 0% used [0x00000000dea00000,0x00000000dea00000,0x00000000df480000)
 ParOldGen       total 70656K, used 12418K [0x0000000082800000, 0x0000000086d00000, 0x00000000d6300000)
  object space 70656K, 17% used [0x0000000082800000,0x0000000083420a68,0x0000000086d00000)
 Metaspace       used 34190K, capacity 35326K, committed 35416K, reserved 1081344K
  class space    used 4408K, capacity 4649K, committed 4736K, reserved 1048576K
Event: 9.433 GC heap after
Heap after GC invocations=13 (full 3):
 PSYoungGen      total 146944K, used 0K [0x00000000d6300000, 0x00000000dff00000, 0x0000000100000000)
  eden space 138240K, 0% used [0x00000000d6300000,0x00000000d6300000,0x00000000dea00000)
  from space 8704K, 0% used [0x00000000df680000,0x00000000df680000,0x00000000dff00000)
  to   space 10752K, 0% used [0x00000000dea00000,0x00000000dea00000,0x00000000df480000)
 ParOldGen       total 70656K, used 15677K [0x0000000082800000, 0x0000000086d00000, 0x00000000d6300000)
  object space 70656K, 22% used [0x0000000082800000,0x000000008374f538,0x0000000086d00000)
 Metaspace       used 34190K, capacity 35326K, committed 35416K, reserved 1081344K
  class space    used 4408K, capacity 4649K, committed 4736K, reserved 1048576K
}

