# JRE version: Java(TM) SE Runtime Environment (8.0_40-b25) (build 1.8.0_40-b25)
# Java VM: Java HotSpot(TM) 64-Bit Server VM (25.40-b25 mixed mode windows-amd64 compressed oops)
Heap:
 PSYoungGen      total 140288K, used 95414K [0x00000000d6300000, 0x00000000e2680000, 0x0000000100000000)
  eden space 129536K, 73% used [0x00000000d6300000,0x00000000dc02daf0,0x00000000de180000)
  from space 10752K, 0% used [0x00000000e1c00000,0x00000000e1c00000,0x00000000e2680000)
  to   space 8704K, 0% used [0x00000000de180000,0x00000000de180000,0x00000000dea00000)
 ParOldGen       total 54784K, used 17384K [0x0000000082800000, 0x0000000085d80000, 0x00000000d6300000)
  object space 54784K, 31% used [0x0000000082800000,0x00000000838fa2b0,0x0000000085d80000)
 Metaspace       used 39420K, capacity 40752K, committed 40920K, reserved 1085440K
  class space    used 5012K, capacity 5298K, committed 5376K, reserved 1048576K
GC Heap History (10 events):
Event: 3.300 GC heap before
{Heap before GC invocations=6 (full 1):
 PSYoungGen      total 70656K, used 5103K [0x00000000d6300000, 0x00000000df400000, 0x0000000100000000)
  eden space 65536K, 0% used [0x00000000d6300000,0x00000000d6300000,0x00000000da300000)
  from space 5120K, 99% used [0x00000000da300000,0x00000000da7fbee8,0x00000000da800000)
  to   space 8704K, 0% used [0x00000000deb80000,0x00000000deb80000,0x00000000df400000)
 ParOldGen       total 86016K, used 5564K [0x0000000082800000, 0x0000000087c00000, 0x00000000d6300000)
  object space 86016K, 6% used [0x0000000082800000,0x0000000082d6f0e8,0x0000000087c00000)
 Metaspace       used 20643K, capacity 21172K, committed 21248K, reserved 1067008K
  class space    used 2650K, capacity 2796K, committed 2816K, reserved 1048576K
Event: 3.338 GC heap after
Heap after GC invocations=6 (full 1):
 PSYoungGen      total 70656K, used 0K [0x00000000d6300000, 0x00000000df400000, 0x0000000100000000)
  eden space 65536K, 0% used [0x00000000d6300000,0x00000000d6300000,0x00000000da300000)
  from space 5120K, 0% used [0x00000000da300000,0x00000000da300000,0x00000000da800000)
  to   space 8704K, 0% used [0x00000000deb80000,0x00000000deb80000,0x00000000df400000)
 ParOldGen       total 54784K, used 7574K [0x0000000082800000, 0x0000000085d80000, 0x00000000d6300000)
  object space 54784K, 13% used [0x0000000082800000,0x0000000082f658b0,0x0000000085d80000)
 Metaspace       used 20643K, capacity 21172K, committed 21248K, reserved 1067008K
  class space    used 2650K, capacity 2796K, committed 2816K, reserved 1048576K
}
Event: 4.346 GC heap before
{Heap before GC invocations=7 (full 1):
 PSYoungGen      total 70656K, used 65536K [0x00000000d6300000, 0x00000000df400000, 0x0000000100000000)
  eden space 65536K, 100% used [0x00000000d6300000,0x00000000da300000,0x00000000da300000)
  from space 5120K, 0% used [0x00000000da300000,0x00000000da300000,0x00000000da800000)
  to   space 8704K, 0% used [0x00000000deb80000,0x00000000deb80000,0x00000000df400000)
 ParOldGen       total 54784K, used 7574K [0x0000000082800000, 0x0000000085d80000, 0x00000000d6300000)
  object space 54784K, 13% used [0x0000000082800000,0x0000000082f658b0,0x0000000085d80000)
 Metaspace       used 26181K, capacity 26960K, committed 27136K, reserved 1073152K
  class space    used 3352K, capacity 3560K, committed 3584K, reserved 1048576K
Event: 4.370 GC heap after
Heap after GC invocations=7 (full 1):
 PSYoungGen      total 116736K, used 6796K [0x00000000d6300000, 0x00000000df280000, 0x0000000100000000)
  eden space 109568K, 0% used [0x00000000d6300000,0x00000000d6300000,0x00000000dce00000)
  from space 7168K, 94% used [0x00000000deb80000,0x00000000df2230b0,0x00000000df280000)
  to   space 8704K, 0% used [0x00000000de180000,0x00000000de180000,0x00000000dea00000)
 ParOldGen       total 54784K, used 7582K [0x0000000082800000, 0x0000000085d80000, 0x00000000d6300000)
  object space 54784K, 13% used [0x0000000082800000,0x0000000082f678b0,0x0000000085d80000)
 Metaspace       used 26181K, capacity 26960K, committed 27136K, reserved 1073152K
  class space    used 3352K, capacity 3560K, committed 3584K, reserved 1048576K
}
Event: 5.935 GC heap before
{Heap before GC invocations=8 (full 1):
 PSYoungGen      total 116736K, used 116364K [0x00000000d6300000, 0x00000000df280000, 0x0000000100000000)
  eden space 109568K, 100% used [0x00000000d6300000,0x00000000dce00000,0x00000000dce00000)
  from space 7168K, 94% used [0x00000000deb80000,0x00000000df2230b0,0x00000000df280000)
  to   space 8704K, 0% used [0x00000000de180000,0x00000000de180000,0x00000000dea00000)
 ParOldGen       total 54784K, used 7582K [0x0000000082800000, 0x0000000085d80000, 0x00000000d6300000)
  object space 54784K, 13% used [0x0000000082800000,0x0000000082f678b0,0x0000000085d80000)
 Metaspace       used 30015K, capacity 30998K, committed 31360K, reserved 1077248K
  class space    used 3888K, capacity 4125K, committed 4224K, reserved 1048576K
Event: 5.950 GC heap after
Heap after GC invocations=8 (full 1):
 PSYoungGen      total 138240K, used 8703K [0x00000000d6300000, 0x00000000e2680000, 0x0000000100000000)
  eden space 129536K, 0% used [0x00000000d6300000,0x00000000d6300000,0x00000000de180000)
  from space 8704K, 99% used [0x00000000de180000,0x00000000de9ffc18,0x00000000dea00000)
  to   space 10752K, 0% used [0x00000000e1c00000,0x00000000e1c00000,0x00000000e2680000)
 ParOldGen       total 54784K, used 9396K [0x0000000082800000, 0x0000000085d80000, 0x00000000d6300000)
  object space 54784K, 17% used [0x0000000082800000,0x000000008312d290,0x0000000085d80000)
 Metaspace       used 30015K, capacity 30998K, committed 31360K, reserved 1077248K
  class space    used 3888K, capacity 4125K, committed 4224K, reserved 1048576K
}
Event: 7.362 GC heap before
{Heap before GC invocations=9 (full 1):
 PSYoungGen      total 138240K, used 106096K [0x00000000d6300000, 0x00000000e2680000, 0x0000000100000000)
  eden space 129536K, 75% used [0x00000000d6300000,0x00000000dc21c400,0x00000000de180000)
  from space 8704K, 99% used [0x00000000de180000,0x00000000de9ffc18,0x00000000dea00000)
  to   space 10752K, 0% used [0x00000000e1c00000,0x00000000e1c00000,0x00000000e2680000)
 ParOldGen       total 54784K, used 9396K [0x0000000082800000, 0x0000000085d80000, 0x00000000d6300000)
  object space 54784K, 17% used [0x0000000082800000,0x000000008312d290,0x0000000085d80000)
 Metaspace       used 34189K, capacity 35326K, committed 35416K, reserved 1079296K
  class space    used 4410K, capacity 4649K, committed 4736K, reserved 1048576K
Event: 7.381 GC heap after
Heap after GC invocations=9 (full 1):
 PSYoungGen      total 140288K, used 10739K [0x00000000d6300000, 0x00000000e2680000, 0x0000000100000000)
  eden space 129536K, 0% used [0x00000000d6300000,0x00000000d6300000,0x00000000de180000)
  from space 10752K, 99% used [0x00000000e1c00000,0x00000000e267cc78,0x00000000e2680000)
  to   space 8704K, 0% used [0x00000000de180000,0x00000000de180000,0x00000000dea00000)
 ParOldGen       total 54784K, used 11258K [0x0000000082800000, 0x0000000085d80000, 0x00000000d6300000)
  object space 54784K, 20% used [0x0000000082800000,0x00000000832fe800,0x0000000085d80000)
 Metaspace       used 34189K, capacity 35326K, committed 35416K, reserved 1079296K
  class space    used 4410K, capacity 4649K, committed 4736K, reserved 1048576K
}
Event: 7.381 GC heap before
{Heap before GC invocations=10 (full 2):
 PSYoungGen      total 140288K, used 10739K [0x00000000d6300000, 0x00000000e2680000, 0x0000000100000000)
  eden space 129536K, 0% used [0x00000000d6300000,0x00000000d6300000,0x00000000de180000)
  from space 10752K, 99% used [0x00000000e1c00000,0x00000000e267cc78,0x00000000e2680000)
  to   space 8704K, 0% used [0x00000000de180000,0x00000000de180000,0x00000000dea00000)
 ParOldGen       total 54784K, used 11258K [0x0000000082800000, 0x0000000085d80000, 0x00000000d6300000)
  object space 54784K, 20% used [0x0000000082800000,0x00000000832fe800,0x0000000085d80000)
 Metaspace       used 34189K, capacity 35326K, committed 35416K, reserved 1079296K
  class space    used 4410K, capacity 4649K, committed 4736K, reserved 1048576K
Event: 7.493 GC heap after
Heap after GC invocations=10 (full 2):
 PSYoungGen      total 140288K, used 0K [0x00000000d6300000, 0x00000000e2680000, 0x0000000100000000)
  eden space 129536K, 0% used [0x00000000d6300000,0x00000000d6300000,0x00000000de180000)
  from space 10752K, 0% used [0x00000000e1c00000,0x00000000e1c00000,0x00000000e2680000)
  to   space 8704K, 0% used [0x00000000de180000,0x00000000de180000,0x00000000dea00000)
 ParOldGen       total 54784K, used 17384K [0x0000000082800000, 0x0000000085d80000, 0x00000000d6300000)
  object space 54784K, 31% used [0x0000000082800000,0x00000000838fa2b0,0x0000000085d80000)
 Metaspace       used 34189K, capacity 35326K, committed 35416K, reserved 1079296K
  class space    used 4410K, capacity 4649K, committed 4736K, reserved 1048576K
}

